{"/Users/daniel/Documents/synapse/packages/core/src/agent/providers/anthropic-provider.ts": {"path":"/Users/daniel/Documents/synapse/packages/core/src/agent/providers/anthropic-provider.ts","statementMap":{"0":{"start":{"line":1,"column":0},"end":{"line":1,"column":26}},"1":{"start":{"line":2,"column":0},"end":{"line":2,"column":90}},"2":{"start":{"line":5,"column":25},"end":{"line":5,"column":52}},"3":{"start":{"line":6,"column":26},"end":{"line":6,"column":38}},"4":{"start":{"line":13,"column":31},"end":{"line":13,"column":47}},"5":{"start":{"line":16,"column":4},"end":{"line":18,"column":5}},"6":{"start":{"line":17,"column":6},"end":{"line":17,"column":133}},"7":{"start":{"line":20,"column":4},"end":{"line":46,"column":5}},"8":{"start":{"line":21,"column":23},"end":{"line":35,"column":null}},"9":{"start":{"line":38,"column":19},"end":{"line":38,"column":84}},"10":{"start":{"line":38,"column":56},"end":{"line":38,"column":77}},"11":{"start":{"line":39,"column":6},"end":{"line":41,"column":7}},"12":{"start":{"line":40,"column":8},"end":{"line":40,"column":127}},"13":{"start":{"line":43,"column":6},"end":{"line":43,"column":22}},"14":{"start":{"line":45,"column":6},"end":{"line":45,"column":44}},"15":{"start":{"line":50,"column":4},"end":{"line":53,"column":5}},"16":{"start":{"line":51,"column":22},"end":{"line":51,"column":75}},"17":{"start":{"line":52,"column":6},"end":{"line":52,"column":89}},"18":{"start":{"line":54,"column":4},"end":{"line":54,"column":108}},"19":{"start":{"line":12,"column":0},"end":{"line":12,"column":13}}},"fnMap":{"0":{"name":"(anonymous_1)","decl":{"start":{"line":13,"column":2},"end":{"line":13,"column":31}},"loc":{"start":{"line":13,"column":47},"end":{"line":13,"column":51}}},"1":{"name":"(anonymous_2)","decl":{"start":{"line":15,"column":2},"end":{"line":15,"column":7}},"loc":{"start":{"line":15,"column":62},"end":{"line":47,"column":3}}},"2":{"name":"(anonymous_3)","decl":{"start":{"line":38,"column":47},"end":{"line":38,"column":52}},"loc":{"start":{"line":38,"column":56},"end":{"line":38,"column":77}}},"3":{"name":"(anonymous_4)","decl":{"start":{"line":49,"column":10},"end":{"line":49,"column":23}},"loc":{"start":{"line":49,"column":38},"end":{"line":55,"column":3}}}},"branchMap":{"0":{"loc":{"start":{"line":16,"column":4},"end":{"line":18,"column":5}},"type":"if","locations":[{"start":{"line":16,"column":4},"end":{"line":18,"column":5}}]},"1":{"loc":{"start":{"line":22,"column":11},"end":{"line":22,"column":50}},"type":"binary-expr","locations":[{"start":{"line":22,"column":11},"end":{"line":22,"column":30}},{"start":{"line":22,"column":34},"end":{"line":22,"column":50}}]},"2":{"loc":{"start":{"line":39,"column":6},"end":{"line":41,"column":7}},"type":"if","locations":[{"start":{"line":39,"column":6},"end":{"line":41,"column":7}}]},"3":{"loc":{"start":{"line":50,"column":4},"end":{"line":53,"column":5}},"type":"if","locations":[{"start":{"line":50,"column":4},"end":{"line":53,"column":5}}]},"4":{"loc":{"start":{"line":51,"column":22},"end":{"line":51,"column":75}},"type":"binary-expr","locations":[{"start":{"line":51,"column":22},"end":{"line":51,"column":58}},{"start":{"line":51,"column":62},"end":{"line":51,"column":75}}]},"5":{"loc":{"start":{"line":54,"column":52},"end":{"line":54,"column":106}},"type":"cond-expr","locations":[{"start":{"line":54,"column":77},"end":{"line":54,"column":90}},{"start":{"line":54,"column":93},"end":{"line":54,"column":106}}]}},"s":{"0":3,"1":3,"2":3,"3":3,"4":5,"5":4,"6":1,"7":3,"8":3,"9":2,"10":2,"11":2,"12":0,"13":2,"14":1,"15":1,"16":1,"17":1,"18":0,"19":3},"f":{"0":5,"1":4,"2":2,"3":1},"b":{"0":[1],"1":[3,2],"2":[0],"3":[1],"4":[1,0],"5":[0,0]}}
,"/Users/daniel/Documents/synapse/packages/core/src/agent/providers/custom-provider.ts": {"path":"/Users/daniel/Documents/synapse/packages/core/src/agent/providers/custom-provider.ts","statementMap":{"0":{"start":{"line":1,"column":0},"end":{"line":1,"column":26}},"1":{"start":{"line":2,"column":0},"end":{"line":2,"column":90}},"2":{"start":{"line":16,"column":31},"end":{"line":16,"column":47}},"3":{"start":{"line":19,"column":4},"end":{"line":21,"column":5}},"4":{"start":{"line":20,"column":6},"end":{"line":20,"column":110}},"5":{"start":{"line":22,"column":4},"end":{"line":24,"column":5}},"6":{"start":{"line":23,"column":6},"end":{"line":23,"column":139}},"7":{"start":{"line":26,"column":4},"end":{"line":51,"column":5}},"8":{"start":{"line":27,"column":23},"end":{"line":40,"column":null}},"9":{"start":{"line":43,"column":19},"end":{"line":43,"column":63}},"10":{"start":{"line":44,"column":6},"end":{"line":46,"column":7}},"11":{"start":{"line":45,"column":8},"end":{"line":45,"column":136}},"12":{"start":{"line":48,"column":6},"end":{"line":48,"column":22}},"13":{"start":{"line":50,"column":6},"end":{"line":50,"column":44}},"14":{"start":{"line":55,"column":4},"end":{"line":58,"column":5}},"15":{"start":{"line":56,"column":22},"end":{"line":56,"column":75}},"16":{"start":{"line":57,"column":6},"end":{"line":57,"column":95}},"17":{"start":{"line":59,"column":4},"end":{"line":59,"column":108}},"18":{"start":{"line":15,"column":0},"end":{"line":15,"column":13}}},"fnMap":{"0":{"name":"(anonymous_1)","decl":{"start":{"line":16,"column":2},"end":{"line":16,"column":31}},"loc":{"start":{"line":16,"column":47},"end":{"line":16,"column":51}}},"1":{"name":"(anonymous_2)","decl":{"start":{"line":18,"column":2},"end":{"line":18,"column":7}},"loc":{"start":{"line":18,"column":62},"end":{"line":52,"column":3}}},"2":{"name":"(anonymous_3)","decl":{"start":{"line":54,"column":10},"end":{"line":54,"column":23}},"loc":{"start":{"line":54,"column":38},"end":{"line":60,"column":3}}}},"branchMap":{"0":{"loc":{"start":{"line":19,"column":4},"end":{"line":21,"column":5}},"type":"if","locations":[{"start":{"line":19,"column":4},"end":{"line":21,"column":5}}]},"1":{"loc":{"start":{"line":22,"column":4},"end":{"line":24,"column":5}},"type":"if","locations":[{"start":{"line":22,"column":4},"end":{"line":24,"column":5}}]},"2":{"loc":{"start":{"line":44,"column":6},"end":{"line":46,"column":7}},"type":"if","locations":[{"start":{"line":44,"column":6},"end":{"line":46,"column":7}}]},"3":{"loc":{"start":{"line":55,"column":4},"end":{"line":58,"column":5}},"type":"if","locations":[{"start":{"line":55,"column":4},"end":{"line":58,"column":5}}]},"4":{"loc":{"start":{"line":56,"column":22},"end":{"line":56,"column":75}},"type":"binary-expr","locations":[{"start":{"line":56,"column":22},"end":{"line":56,"column":58}},{"start":{"line":56,"column":62},"end":{"line":56,"column":75}}]},"5":{"loc":{"start":{"line":59,"column":52},"end":{"line":59,"column":106}},"type":"cond-expr","locations":[{"start":{"line":59,"column":77},"end":{"line":59,"column":90}},{"start":{"line":59,"column":93},"end":{"line":59,"column":106}}]}},"s":{"0":3,"1":3,"2":3,"3":2,"4":1,"5":1,"6":0,"7":1,"8":1,"9":1,"10":1,"11":0,"12":1,"13":0,"14":0,"15":0,"16":0,"17":0,"18":3},"f":{"0":3,"1":2,"2":0},"b":{"0":[1],"1":[0],"2":[0],"3":[0],"4":[0,0],"5":[0,0]}}
,"/Users/daniel/Documents/synapse/packages/core/src/agent/providers/openai-provider.ts": {"path":"/Users/daniel/Documents/synapse/packages/core/src/agent/providers/openai-provider.ts","statementMap":{"0":{"start":{"line":1,"column":0},"end":{"line":1,"column":26}},"1":{"start":{"line":2,"column":0},"end":{"line":2,"column":90}},"2":{"start":{"line":5,"column":25},"end":{"line":5,"column":52}},"3":{"start":{"line":12,"column":31},"end":{"line":12,"column":47}},"4":{"start":{"line":15,"column":4},"end":{"line":17,"column":5}},"5":{"start":{"line":16,"column":6},"end":{"line":16,"column":127}},"6":{"start":{"line":19,"column":4},"end":{"line":44,"column":5}},"7":{"start":{"line":20,"column":23},"end":{"line":33,"column":null}},"8":{"start":{"line":36,"column":19},"end":{"line":36,"column":63}},"9":{"start":{"line":37,"column":6},"end":{"line":39,"column":7}},"10":{"start":{"line":38,"column":8},"end":{"line":38,"column":127}},"11":{"start":{"line":41,"column":6},"end":{"line":41,"column":22}},"12":{"start":{"line":43,"column":6},"end":{"line":43,"column":44}},"13":{"start":{"line":48,"column":4},"end":{"line":51,"column":5}},"14":{"start":{"line":49,"column":22},"end":{"line":49,"column":75}},"15":{"start":{"line":50,"column":6},"end":{"line":50,"column":86}},"16":{"start":{"line":52,"column":4},"end":{"line":52,"column":108}},"17":{"start":{"line":11,"column":0},"end":{"line":11,"column":13}}},"fnMap":{"0":{"name":"(anonymous_1)","decl":{"start":{"line":12,"column":2},"end":{"line":12,"column":31}},"loc":{"start":{"line":12,"column":47},"end":{"line":12,"column":51}}},"1":{"name":"(anonymous_2)","decl":{"start":{"line":14,"column":2},"end":{"line":14,"column":7}},"loc":{"start":{"line":14,"column":62},"end":{"line":45,"column":3}}},"2":{"name":"(anonymous_3)","decl":{"start":{"line":47,"column":10},"end":{"line":47,"column":23}},"loc":{"start":{"line":47,"column":38},"end":{"line":53,"column":3}}}},"branchMap":{"0":{"loc":{"start":{"line":15,"column":4},"end":{"line":17,"column":5}},"type":"if","locations":[{"start":{"line":15,"column":4},"end":{"line":17,"column":5}}]},"1":{"loc":{"start":{"line":21,"column":11},"end":{"line":21,"column":50}},"type":"binary-expr","locations":[{"start":{"line":21,"column":11},"end":{"line":21,"column":30}},{"start":{"line":21,"column":34},"end":{"line":21,"column":50}}]},"2":{"loc":{"start":{"line":37,"column":6},"end":{"line":39,"column":7}},"type":"if","locations":[{"start":{"line":37,"column":6},"end":{"line":39,"column":7}}]},"3":{"loc":{"start":{"line":48,"column":4},"end":{"line":51,"column":5}},"type":"if","locations":[{"start":{"line":48,"column":4},"end":{"line":51,"column":5}}]},"4":{"loc":{"start":{"line":49,"column":22},"end":{"line":49,"column":75}},"type":"binary-expr","locations":[{"start":{"line":49,"column":22},"end":{"line":49,"column":58}},{"start":{"line":49,"column":62},"end":{"line":49,"column":75}}]},"5":{"loc":{"start":{"line":52,"column":52},"end":{"line":52,"column":106}},"type":"cond-expr","locations":[{"start":{"line":52,"column":77},"end":{"line":52,"column":90}},{"start":{"line":52,"column":93},"end":{"line":52,"column":106}}]}},"s":{"0":3,"1":3,"2":3,"3":4,"4":3,"5":1,"6":2,"7":2,"8":2,"9":2,"10":1,"11":1,"12":0,"13":0,"14":0,"15":0,"16":0,"17":3},"f":{"0":4,"1":3,"2":0},"b":{"0":[1],"1":[2,2],"2":[1],"3":[0],"4":[0,0],"5":[0,0]}}
,"/Users/daniel/Documents/synapse/packages/core/src/agent/providers/provider-factory.ts": {"path":"/Users/daniel/Documents/synapse/packages/core/src/agent/providers/provider-factory.ts","statementMap":{"0":{"start":{"line":7,"column":0},"end":{"line":7,"column":16}},"1":{"start":{"line":3,"column":0},"end":{"line":3,"column":57}},"2":{"start":{"line":4,"column":0},"end":{"line":4,"column":51}},"3":{"start":{"line":5,"column":0},"end":{"line":5,"column":51}},"4":{"start":{"line":8,"column":2},"end":{"line":15,"column":3}},"5":{"start":{"line":10,"column":6},"end":{"line":10,"column":43}},"6":{"start":{"line":12,"column":6},"end":{"line":12,"column":40}},"7":{"start":{"line":14,"column":6},"end":{"line":14,"column":40}}},"fnMap":{"0":{"name":"createProvider","decl":{"start":{"line":7,"column":16},"end":{"line":7,"column":30}},"loc":{"start":{"line":7,"column":47},"end":{"line":16,"column":1}}}},"branchMap":{"0":{"loc":{"start":{"line":8,"column":2},"end":{"line":15,"column":3}},"type":"switch","locations":[{"start":{"line":9,"column":4},"end":{"line":10,"column":43}},{"start":{"line":11,"column":4},"end":{"line":12,"column":40}},{"start":{"line":13,"column":4},"end":{"line":14,"column":40}}]}},"s":{"0":2,"1":2,"2":2,"3":2,"4":3,"5":1,"6":1,"7":1},"f":{"0":3},"b":{"0":[1,1,1]}}
,"/Users/daniel/Documents/synapse/packages/core/src/analyzer/flutter-analyzer.ts": {"path":"/Users/daniel/Documents/synapse/packages/core/src/analyzer/flutter-analyzer.ts","statementMap":{"0":{"start":{"line":5,"column":0},"end":{"line":5,"column":25}},"1":{"start":{"line":6,"column":0},"end":{"line":6,"column":29}},"2":{"start":{"line":30,"column":4},"end":{"line":30,"column":43}},"3":{"start":{"line":34,"column":22},"end":{"line":34,"column":32}},"4":{"start":{"line":36,"column":4},"end":{"line":38,"column":5}},"5":{"start":{"line":37,"column":6},"end":{"line":37,"column":71}},"6":{"start":{"line":40,"column":27},"end":{"line":40,"column":45}},"7":{"start":{"line":41,"column":19},"end":{"line":41,"column":50}},"8":{"start":{"line":42,"column":22},"end":{"line":42,"column":43}},"9":{"start":{"line":44,"column":20},"end":{"line":44,"column":50}},"10":{"start":{"line":45,"column":19},"end":{"line":45,"column":45}},"11":{"start":{"line":46,"column":20},"end":{"line":46,"column":47}},"12":{"start":{"line":47,"column":25},"end":{"line":47,"column":57}},"13":{"start":{"line":48,"column":19},"end":{"line":48,"column":48}},"14":{"start":{"line":49,"column":21},"end":{"line":49,"column":52}},"15":{"start":{"line":50,"column":25},"end":{"line":50,"column":60}},"16":{"start":{"line":51,"column":25},"end":{"line":51,"column":48}},"17":{"start":{"line":52,"column":19},"end":{"line":52,"column":50}},"18":{"start":{"line":53,"column":24},"end":{"line":53,"column":63}},"19":{"start":{"line":54,"column":25},"end":{"line":54,"column":66}},"20":{"start":{"line":56,"column":4},"end":{"line":76,"column":6}},"21":{"start":{"line":80,"column":24},"end":{"line":80,"column":64}},"22":{"start":{"line":81,"column":4},"end":{"line":81,"column":47}},"23":{"start":{"line":81,"column":37},"end":{"line":81,"column":47}},"24":{"start":{"line":83,"column":20},"end":{"line":83,"column":57}},"25":{"start":{"line":85,"column":44},"end":{"line":85,"column":46}},"26":{"start":{"line":86,"column":36},"end":{"line":86,"column":40}},"27":{"start":{"line":88,"column":4},"end":{"line":99,"column":5}},"28":{"start":{"line":89,"column":6},"end":{"line":89,"column":57}},"29":{"start":{"line":89,"column":48},"end":{"line":89,"column":57}},"30":{"start":{"line":91,"column":20},"end":{"line":91,"column":58}},"31":{"start":{"line":92,"column":6},"end":{"line":98,"column":7}},"32":{"start":{"line":93,"column":31},"end":{"line":93,"column":36}},"33":{"start":{"line":94,"column":8},"end":{"line":94,"column":50}},"34":{"start":{"line":95,"column":8},"end":{"line":95,"column":25}},"35":{"start":{"line":96,"column":13},"end":{"line":98,"column":7}},"36":{"start":{"line":101,"column":4},"end":{"line":101,"column":45}},"37":{"start":{"line":107,"column":20},"end":{"line":107,"column":55}},"38":{"start":{"line":109,"column":4},"end":{"line":109,"column":47}},"39":{"start":{"line":109,"column":32},"end":{"line":109,"column":47}},"40":{"start":{"line":111,"column":22},"end":{"line":111,"column":48}},"41":{"start":{"line":113,"column":4},"end":{"line":123,"column":5}},"42":{"start":{"line":114,"column":6},"end":{"line":122,"column":7}},"43":{"start":{"line":115,"column":24},"end":{"line":115,"column":54}},"44":{"start":{"line":116,"column":27},"end":{"line":116,"column":69}},"45":{"start":{"line":117,"column":8},"end":{"line":119,"column":9}},"46":{"start":{"line":118,"column":10},"end":{"line":118,"column":31}},"47":{"start":{"line":125,"column":4},"end":{"line":125,"column":19}},"48":{"start":{"line":131,"column":19},"end":{"line":131,"column":53}},"49":{"start":{"line":132,"column":4},"end":{"line":132,"column":46}},"50":{"start":{"line":132,"column":32},"end":{"line":132,"column":46}},"51":{"start":{"line":134,"column":22},"end":{"line":134,"column":48}},"52":{"start":{"line":136,"column":4},"end":{"line":146,"column":5}},"53":{"start":{"line":137,"column":6},"end":{"line":145,"column":7}},"54":{"start":{"line":138,"column":24},"end":{"line":138,"column":54}},"55":{"start":{"line":139,"column":26},"end":{"line":139,"column":67}},"56":{"start":{"line":140,"column":8},"end":{"line":142,"column":9}},"57":{"start":{"line":141,"column":10},"end":{"line":141,"column":30}},"58":{"start":{"line":148,"column":4},"end":{"line":148,"column":18}},"59":{"start":{"line":154,"column":21},"end":{"line":154,"column":57}},"60":{"start":{"line":155,"column":4},"end":{"line":155,"column":48}},"61":{"start":{"line":155,"column":32},"end":{"line":155,"column":48}},"62":{"start":{"line":157,"column":22},"end":{"line":157,"column":48}},"63":{"start":{"line":159,"column":4},"end":{"line":169,"column":5}},"64":{"start":{"line":160,"column":6},"end":{"line":168,"column":7}},"65":{"start":{"line":161,"column":24},"end":{"line":161,"column":54}},"66":{"start":{"line":162,"column":28},"end":{"line":162,"column":71}},"67":{"start":{"line":163,"column":8},"end":{"line":165,"column":9}},"68":{"start":{"line":164,"column":10},"end":{"line":164,"column":32}},"69":{"start":{"line":171,"column":4},"end":{"line":171,"column":20}},"70":{"start":{"line":177,"column":18},"end":{"line":177,"column":57}},"71":{"start":{"line":178,"column":4},"end":{"line":178,"column":45}},"72":{"start":{"line":178,"column":32},"end":{"line":178,"column":45}},"73":{"start":{"line":180,"column":22},"end":{"line":180,"column":48}},"74":{"start":{"line":182,"column":4},"end":{"line":192,"column":5}},"75":{"start":{"line":183,"column":6},"end":{"line":191,"column":7}},"76":{"start":{"line":184,"column":24},"end":{"line":184,"column":54}},"77":{"start":{"line":185,"column":25},"end":{"line":185,"column":72}},"78":{"start":{"line":186,"column":8},"end":{"line":188,"column":9}},"79":{"start":{"line":187,"column":10},"end":{"line":187,"column":29}},"80":{"start":{"line":194,"column":4},"end":{"line":194,"column":17}},"81":{"start":{"line":198,"column":28},"end":{"line":198,"column":30}},"82":{"start":{"line":199,"column":18},"end":{"line":199,"column":62}},"83":{"start":{"line":201,"column":4},"end":{"line":208,"column":5}},"84":{"start":{"line":202,"column":23},"end":{"line":202,"column":48}},"85":{"start":{"line":203,"column":6},"end":{"line":207,"column":7}},"86":{"start":{"line":204,"column":8},"end":{"line":204,"column":52}},"87":{"start":{"line":205,"column":13},"end":{"line":207,"column":7}},"88":{"start":{"line":206,"column":8},"end":{"line":206,"column":29}},"89":{"start":{"line":210,"column":4},"end":{"line":210,"column":17}},"90":{"start":{"line":218,"column":40},"end":{"line":218,"column":42}},"91":{"start":{"line":219,"column":18},"end":{"line":219,"column":37}},"92":{"start":{"line":221,"column":4},"end":{"line":245,"column":5}},"93":{"start":{"line":222,"column":29},"end":{"line":223,"column":null}},"94":{"start":{"line":225,"column":6},"end":{"line":235,"column":7}},"95":{"start":{"line":226,"column":8},"end":{"line":233,"column":10}},"96":{"start":{"line":234,"column":8},"end":{"line":234,"column":17}},"97":{"start":{"line":237,"column":28},"end":{"line":238,"column":null}},"98":{"start":{"line":240,"column":6},"end":{"line":244,"column":7}},"99":{"start":{"line":241,"column":8},"end":{"line":243,"column":10}},"100":{"start":{"line":247,"column":4},"end":{"line":247,"column":19}},"101":{"start":{"line":256,"column":25},"end":{"line":256,"column":56}},"102":{"start":{"line":257,"column":4},"end":{"line":269,"column":6}},"103":{"start":{"line":277,"column":38},"end":{"line":277,"column":40}},"104":{"start":{"line":278,"column":18},"end":{"line":278,"column":37}},"105":{"start":{"line":280,"column":4},"end":{"line":304,"column":5}},"106":{"start":{"line":281,"column":20},"end":{"line":281,"column":61}},"107":{"start":{"line":282,"column":6},"end":{"line":303,"column":7}},"108":{"start":{"line":288,"column":21},"end":{"line":288,"column":29}},"109":{"start":{"line":289,"column":8},"end":{"line":302,"column":11}},"110":{"start":{"line":306,"column":4},"end":{"line":306,"column":18}},"111":{"start":{"line":314,"column":42},"end":{"line":314,"column":44}},"112":{"start":{"line":315,"column":18},"end":{"line":315,"column":37}},"113":{"start":{"line":317,"column":4},"end":{"line":333,"column":5}},"114":{"start":{"line":318,"column":20},"end":{"line":318,"column":67}},"115":{"start":{"line":319,"column":6},"end":{"line":332,"column":7}},"116":{"start":{"line":320,"column":21},"end":{"line":320,"column":29}},"117":{"start":{"line":321,"column":8},"end":{"line":331,"column":9}},"118":{"start":{"line":322,"column":10},"end":{"line":330,"column":13}},"119":{"start":{"line":335,"column":4},"end":{"line":335,"column":20}},"120":{"start":{"line":343,"column":42},"end":{"line":343,"column":44}},"121":{"start":{"line":344,"column":18},"end":{"line":344,"column":37}},"122":{"start":{"line":346,"column":4},"end":{"line":363,"column":5}},"123":{"start":{"line":347,"column":6},"end":{"line":362,"column":7}},"124":{"start":{"line":348,"column":22},"end":{"line":348,"column":49}},"125":{"start":{"line":349,"column":8},"end":{"line":361,"column":9}},"126":{"start":{"line":350,"column":23},"end":{"line":350,"column":31}},"127":{"start":{"line":351,"column":10},"end":{"line":360,"column":13}},"128":{"start":{"line":365,"column":4},"end":{"line":365,"column":17}},"129":{"start":{"line":369,"column":19},"end":{"line":369,"column":41}},"130":{"start":{"line":370,"column":23},"end":{"line":370,"column":45}},"131":{"start":{"line":371,"column":31},"end":{"line":371,"column":33}},"132":{"start":{"line":372,"column":27},"end":{"line":372,"column":29}},"133":{"start":{"line":373,"column":27},"end":{"line":373,"column":29}},"134":{"start":{"line":374,"column":27},"end":{"line":374,"column":29}},"135":{"start":{"line":375,"column":25},"end":{"line":375,"column":27}},"136":{"start":{"line":377,"column":4},"end":{"line":387,"column":5}},"137":{"start":{"line":378,"column":6},"end":{"line":386,"column":8}},"138":{"start":{"line":390,"column":23},"end":{"line":395,"column":6}},"139":{"start":{"line":396,"column":4},"end":{"line":417,"column":5}},"140":{"start":{"line":399,"column":6},"end":{"line":409,"column":7}},"141":{"start":{"line":400,"column":8},"end":{"line":400,"column":50}},"142":{"start":{"line":401,"column":13},"end":{"line":409,"column":7}},"143":{"start":{"line":402,"column":8},"end":{"line":402,"column":59}},"144":{"start":{"line":403,"column":13},"end":{"line":409,"column":7}},"145":{"start":{"line":406,"column":8},"end":{"line":406,"column":70}},"146":{"start":{"line":408,"column":8},"end":{"line":408,"column":17}},"147":{"start":{"line":411,"column":6},"end":{"line":416,"column":7}},"148":{"start":{"line":412,"column":24},"end":{"line":412,"column":60}},"149":{"start":{"line":413,"column":8},"end":{"line":413,"column":59}},"150":{"start":{"line":419,"column":4},"end":{"line":427,"column":6}},"151":{"start":{"line":435,"column":25},"end":{"line":435,"column":74}},"152":{"start":{"line":436,"column":4},"end":{"line":440,"column":5}},"153":{"start":{"line":437,"column":6},"end":{"line":439,"column":7}},"154":{"start":{"line":438,"column":8},"end":{"line":438,"column":70}},"155":{"start":{"line":442,"column":29},"end":{"line":442,"column":65}},"156":{"start":{"line":443,"column":4},"end":{"line":449,"column":5}},"157":{"start":{"line":444,"column":6},"end":{"line":448,"column":7}},"158":{"start":{"line":445,"column":8},"end":{"line":447,"column":11}},"159":{"start":{"line":453,"column":23},"end":{"line":458,"column":6}},"160":{"start":{"line":459,"column":36},"end":{"line":459,"column":40}},"161":{"start":{"line":461,"column":4},"end":{"line":466,"column":5}},"162":{"start":{"line":462,"column":6},"end":{"line":465,"column":7}},"163":{"start":{"line":463,"column":8},"end":{"line":463,"column":43}},"164":{"start":{"line":464,"column":8},"end":{"line":464,"column":14}},"165":{"start":{"line":468,"column":4},"end":{"line":473,"column":5}},"166":{"start":{"line":472,"column":6},"end":{"line":472,"column":66}},"167":{"start":{"line":475,"column":24},"end":{"line":475,"column":55}},"168":{"start":{"line":476,"column":36},"end":{"line":476,"column":38}},"169":{"start":{"line":478,"column":4},"end":{"line":494,"column":5}},"170":{"start":{"line":479,"column":6},"end":{"line":493,"column":7}},"171":{"start":{"line":480,"column":24},"end":{"line":480,"column":60}},"172":{"start":{"line":481,"column":28},"end":{"line":481,"column":63}},"173":{"start":{"line":482,"column":8},"end":{"line":490,"column":9}},"174":{"start":{"line":483,"column":10},"end":{"line":489,"column":11}},"175":{"start":{"line":484,"column":12},"end":{"line":488,"column":15}},"176":{"start":{"line":496,"column":4},"end":{"line":501,"column":6}},"177":{"start":{"line":506,"column":6},"end":{"line":506,"column":79}},"178":{"start":{"line":507,"column":36},"end":{"line":507,"column":40}},"179":{"start":{"line":509,"column":4},"end":{"line":519,"column":5}},"180":{"start":{"line":515,"column":6},"end":{"line":518,"column":7}},"181":{"start":{"line":516,"column":8},"end":{"line":516,"column":43}},"182":{"start":{"line":517,"column":8},"end":{"line":517,"column":14}},"183":{"start":{"line":521,"column":39},"end":{"line":521,"column":41}},"184":{"start":{"line":522,"column":4},"end":{"line":535,"column":5}},"185":{"start":{"line":523,"column":6},"end":{"line":534,"column":7}},"186":{"start":{"line":524,"column":24},"end":{"line":524,"column":60}},"187":{"start":{"line":525,"column":30},"end":{"line":525,"column":69}},"188":{"start":{"line":526,"column":8},"end":{"line":531,"column":9}},"189":{"start":{"line":527,"column":10},"end":{"line":530,"column":11}},"190":{"start":{"line":528,"column":23},"end":{"line":528,"column":51}},"191":{"start":{"line":529,"column":12},"end":{"line":529,"column":54}},"192":{"start":{"line":529,"column":25},"end":{"line":529,"column":54}},"193":{"start":{"line":537,"column":4},"end":{"line":544,"column":6}},"194":{"start":{"line":548,"column":24},"end":{"line":548,"column":64}},"195":{"start":{"line":549,"column":4},"end":{"line":557,"column":5}},"196":{"start":{"line":550,"column":6},"end":{"line":556,"column":8}},"197":{"start":{"line":559,"column":20},"end":{"line":559,"column":57}},"198":{"start":{"line":560,"column":41},"end":{"line":560,"column":43}},"199":{"start":{"line":561,"column":44},"end":{"line":561,"column":46}},"200":{"start":{"line":562,"column":62},"end":{"line":562,"column":66}},"201":{"start":{"line":564,"column":4},"end":{"line":583,"column":5}},"202":{"start":{"line":565,"column":22},"end":{"line":565,"column":33}},"203":{"start":{"line":566,"column":6},"end":{"line":566,"column":56}},"204":{"start":{"line":566,"column":47},"end":{"line":566,"column":56}},"205":{"start":{"line":568,"column":6},"end":{"line":571,"column":7}},"206":{"start":{"line":569,"column":8},"end":{"line":569,"column":33}},"207":{"start":{"line":570,"column":8},"end":{"line":570,"column":17}},"208":{"start":{"line":572,"column":6},"end":{"line":575,"column":7}},"209":{"start":{"line":573,"column":8},"end":{"line":573,"column":37}},"210":{"start":{"line":574,"column":8},"end":{"line":574,"column":17}},"211":{"start":{"line":577,"column":23},"end":{"line":577,"column":61}},"212":{"start":{"line":578,"column":6},"end":{"line":582,"column":7}},"213":{"start":{"line":579,"column":35},"end":{"line":579,"column":43}},"214":{"start":{"line":580,"column":8},"end":{"line":581,"column":80}},"215":{"start":{"line":580,"column":40},"end":{"line":580,"column":68}},"216":{"start":{"line":581,"column":13},"end":{"line":581,"column":80}},"217":{"start":{"line":581,"column":49},"end":{"line":581,"column":80}},"218":{"start":{"line":585,"column":4},"end":{"line":595,"column":6}},"219":{"start":{"line":591,"column":8},"end":{"line":592,"column":null}},"220":{"start":{"line":592,"column":17},"end":{"line":592,"column":30}},"221":{"start":{"line":599,"column":4},"end":{"line":599,"column":62}},"222":{"start":{"line":606,"column":42},"end":{"line":613,"column":6}},"223":{"start":{"line":615,"column":38},"end":{"line":621,"column":6}},"224":{"start":{"line":623,"column":43},"end":{"line":629,"column":6}},"225":{"start":{"line":631,"column":46},"end":{"line":636,"column":6}},"226":{"start":{"line":638,"column":4},"end":{"line":638,"column":74}},"227":{"start":{"line":646,"column":6},"end":{"line":648,"column":51}},"228":{"start":{"line":650,"column":4},"end":{"line":657,"column":6}},"229":{"start":{"line":661,"column":18},"end":{"line":661,"column":40}},"230":{"start":{"line":662,"column":4},"end":{"line":669,"column":6}},"231":{"start":{"line":673,"column":4},"end":{"line":681,"column":5}},"232":{"start":{"line":674,"column":22},"end":{"line":676,"column":null}},"233":{"start":{"line":678,"column":6},"end":{"line":678,"column":42}},"234":{"start":{"line":680,"column":6},"end":{"line":680,"column":19}},"235":{"start":{"line":685,"column":4},"end":{"line":694,"column":5}},"236":{"start":{"line":686,"column":27},"end":{"line":686,"column":51}},"237":{"start":{"line":687,"column":6},"end":{"line":691,"column":8}},"238":{"start":{"line":693,"column":6},"end":{"line":693,"column":23}},"239":{"start":{"line":698,"column":4},"end":{"line":707,"column":5}},"240":{"start":{"line":699,"column":27},"end":{"line":699,"column":51}},"241":{"start":{"line":700,"column":6},"end":{"line":704,"column":8}},"242":{"start":{"line":706,"column":6},"end":{"line":706,"column":23}},"243":{"start":{"line":25,"column":0},"end":{"line":25,"column":13}}},"fnMap":{"0":{"name":"(anonymous_9)","decl":{"start":{"line":29,"column":2},"end":{"line":29,"column":14}},"loc":{"start":{"line":29,"column":30},"end":{"line":31,"column":3}}},"1":{"name":"(anonymous_10)","decl":{"start":{"line":33,"column":2},"end":{"line":33,"column":7}},"loc":{"start":{"line":33,"column":15},"end":{"line":77,"column":3}}},"2":{"name":"(anonymous_11)","decl":{"start":{"line":79,"column":10},"end":{"line":79,"column":21}},"loc":{"start":{"line":79,"column":21},"end":{"line":102,"column":3}}},"3":{"name":"(anonymous_12)","decl":{"start":{"line":104,"column":10},"end":{"line":104,"column":15}},"loc":{"start":{"line":105,"column":18},"end":{"line":126,"column":3}}},"4":{"name":"(anonymous_13)","decl":{"start":{"line":128,"column":10},"end":{"line":128,"column":15}},"loc":{"start":{"line":129,"column":18},"end":{"line":149,"column":3}}},"5":{"name":"(anonymous_14)","decl":{"start":{"line":151,"column":10},"end":{"line":151,"column":15}},"loc":{"start":{"line":152,"column":18},"end":{"line":172,"column":3}}},"6":{"name":"(anonymous_15)","decl":{"start":{"line":174,"column":10},"end":{"line":174,"column":15}},"loc":{"start":{"line":175,"column":18},"end":{"line":195,"column":3}}},"7":{"name":"(anonymous_16)","decl":{"start":{"line":197,"column":10},"end":{"line":197,"column":23}},"loc":{"start":{"line":197,"column":35},"end":{"line":211,"column":3}}},"8":{"name":"(anonymous_17)","decl":{"start":{"line":213,"column":10},"end":{"line":213,"column":24}},"loc":{"start":{"line":216,"column":18},"end":{"line":248,"column":3}}},"9":{"name":"(anonymous_18)","decl":{"start":{"line":250,"column":10},"end":{"line":250,"column":25}},"loc":{"start":{"line":254,"column":34},"end":{"line":270,"column":3}}},"10":{"name":"(anonymous_19)","decl":{"start":{"line":272,"column":10},"end":{"line":272,"column":23}},"loc":{"start":{"line":275,"column":18},"end":{"line":307,"column":3}}},"11":{"name":"(anonymous_20)","decl":{"start":{"line":309,"column":10},"end":{"line":309,"column":25}},"loc":{"start":{"line":312,"column":18},"end":{"line":336,"column":3}}},"12":{"name":"(anonymous_21)","decl":{"start":{"line":338,"column":10},"end":{"line":338,"column":29}},"loc":{"start":{"line":341,"column":18},"end":{"line":366,"column":3}}},"13":{"name":"(anonymous_22)","decl":{"start":{"line":368,"column":10},"end":{"line":368,"column":23}},"loc":{"start":{"line":368,"column":38},"end":{"line":428,"column":3}}},"14":{"name":"(anonymous_23)","decl":{"start":{"line":430,"column":10},"end":{"line":430,"column":26}},"loc":{"start":{"line":433,"column":32},"end":{"line":450,"column":3}}},"15":{"name":"(anonymous_24)","decl":{"start":{"line":452,"column":10},"end":{"line":452,"column":24}},"loc":{"start":{"line":452,"column":39},"end":{"line":502,"column":3}}},"16":{"name":"(anonymous_25)","decl":{"start":{"line":504,"column":10},"end":{"line":504,"column":29}},"loc":{"start":{"line":504,"column":44},"end":{"line":545,"column":3}}},"17":{"name":"(anonymous_26)","decl":{"start":{"line":547,"column":10},"end":{"line":547,"column":26}},"loc":{"start":{"line":547,"column":26},"end":{"line":596,"column":3}}},"18":{"name":"(anonymous_27)","decl":{"start":{"line":590,"column":44},"end":{"line":590,"column":45}},"loc":{"start":{"line":591,"column":8},"end":{"line":592,"column":null}}},"19":{"name":"(anonymous_28)","decl":{"start":{"line":592,"column":10},"end":{"line":592,"column":11}},"loc":{"start":{"line":592,"column":17},"end":{"line":592,"column":30}}},"20":{"name":"(anonymous_29)","decl":{"start":{"line":598,"column":10},"end":{"line":598,"column":20}},"loc":{"start":{"line":598,"column":60},"end":{"line":600,"column":3}}},"21":{"name":"(anonymous_30)","decl":{"start":{"line":602,"column":10},"end":{"line":602,"column":27}},"loc":{"start":{"line":604,"column":18},"end":{"line":639,"column":3}}},"22":{"name":"(anonymous_31)","decl":{"start":{"line":641,"column":10},"end":{"line":641,"column":29}},"loc":{"start":{"line":643,"column":42},"end":{"line":658,"column":3}}},"23":{"name":"(anonymous_32)","decl":{"start":{"line":660,"column":10},"end":{"line":660,"column":31}},"loc":{"start":{"line":660,"column":46},"end":{"line":670,"column":3}}},"24":{"name":"(anonymous_33)","decl":{"start":{"line":672,"column":10},"end":{"line":672,"column":23}},"loc":{"start":{"line":672,"column":36},"end":{"line":682,"column":3}}},"25":{"name":"(anonymous_34)","decl":{"start":{"line":684,"column":10},"end":{"line":684,"column":15}},"loc":{"start":{"line":684,"column":33},"end":{"line":695,"column":3}}},"26":{"name":"(anonymous_35)","decl":{"start":{"line":697,"column":10},"end":{"line":697,"column":15}},"loc":{"start":{"line":697,"column":30},"end":{"line":708,"column":3}}}},"branchMap":{"0":{"loc":{"start":{"line":36,"column":4},"end":{"line":38,"column":5}},"type":"if","locations":[{"start":{"line":36,"column":4},"end":{"line":38,"column":5}}]},"1":{"loc":{"start":{"line":60,"column":9},"end":{"line":60,"column":71}},"type":"binary-expr","locations":[{"start":{"line":60,"column":9},"end":{"line":60,"column":39}},{"start":{"line":60,"column":43},"end":{"line":60,"column":71}}]},"2":{"loc":{"start":{"line":81,"column":4},"end":{"line":81,"column":47}},"type":"if","locations":[{"start":{"line":81,"column":4},"end":{"line":81,"column":47}}]},"3":{"loc":{"start":{"line":89,"column":6},"end":{"line":89,"column":57}},"type":"if","locations":[{"start":{"line":89,"column":6},"end":{"line":89,"column":57}}]},"4":{"loc":{"start":{"line":89,"column":10},"end":{"line":89,"column":46}},"type":"binary-expr","locations":[{"start":{"line":89,"column":10},"end":{"line":89,"column":22}},{"start":{"line":89,"column":26},"end":{"line":89,"column":46}}]},"5":{"loc":{"start":{"line":92,"column":6},"end":{"line":98,"column":7}},"type":"if","locations":[{"start":{"line":92,"column":6},"end":{"line":98,"column":7}},{"start":{"line":96,"column":13},"end":{"line":98,"column":7}}]},"6":{"loc":{"start":{"line":94,"column":15},"end":{"line":94,"column":32}},"type":"binary-expr","locations":[{"start":{"line":94,"column":15},"end":{"line":94,"column":25}},{"start":{"line":94,"column":29},"end":{"line":94,"column":32}}]},"7":{"loc":{"start":{"line":96,"column":13},"end":{"line":98,"column":7}},"type":"if","locations":[{"start":{"line":96,"column":13},"end":{"line":98,"column":7}}]},"8":{"loc":{"start":{"line":109,"column":4},"end":{"line":109,"column":47}},"type":"if","locations":[{"start":{"line":109,"column":4},"end":{"line":109,"column":47}}]},"9":{"loc":{"start":{"line":132,"column":4},"end":{"line":132,"column":46}},"type":"if","locations":[{"start":{"line":132,"column":4},"end":{"line":132,"column":46}}]},"10":{"loc":{"start":{"line":155,"column":4},"end":{"line":155,"column":48}},"type":"if","locations":[{"start":{"line":155,"column":4},"end":{"line":155,"column":48}}]},"11":{"loc":{"start":{"line":178,"column":4},"end":{"line":178,"column":45}},"type":"if","locations":[{"start":{"line":178,"column":4},"end":{"line":178,"column":45}}]},"12":{"loc":{"start":{"line":203,"column":6},"end":{"line":207,"column":7}},"type":"if","locations":[{"start":{"line":203,"column":6},"end":{"line":207,"column":7}},{"start":{"line":205,"column":13},"end":{"line":207,"column":7}}]},"13":{"loc":{"start":{"line":205,"column":13},"end":{"line":207,"column":7}},"type":"if","locations":[{"start":{"line":205,"column":13},"end":{"line":207,"column":7}}]},"14":{"loc":{"start":{"line":205,"column":17},"end":{"line":205,"column":61}},"type":"binary-expr","locations":[{"start":{"line":205,"column":17},"end":{"line":205,"column":30}},{"start":{"line":205,"column":34},"end":{"line":205,"column":61}}]},"15":{"loc":{"start":{"line":225,"column":6},"end":{"line":235,"column":7}},"type":"if","locations":[{"start":{"line":225,"column":6},"end":{"line":235,"column":7}}]},"16":{"loc":{"start":{"line":240,"column":6},"end":{"line":244,"column":7}},"type":"if","locations":[{"start":{"line":240,"column":6},"end":{"line":244,"column":7}}]},"17":{"loc":{"start":{"line":263,"column":15},"end":{"line":263,"column":74}},"type":"cond-expr","locations":[{"start":{"line":263,"column":38},"end":{"line":263,"column":55}},{"start":{"line":263,"column":58},"end":{"line":263,"column":74}}]},"18":{"loc":{"start":{"line":282,"column":6},"end":{"line":303,"column":7}},"type":"if","locations":[{"start":{"line":282,"column":6},"end":{"line":303,"column":7}}]},"19":{"loc":{"start":{"line":283,"column":8},"end":{"line":286,"column":34}},"type":"binary-expr","locations":[{"start":{"line":283,"column":8},"end":{"line":283,"column":13}},{"start":{"line":284,"column":8},"end":{"line":284,"column":32}},{"start":{"line":285,"column":8},"end":{"line":285,"column":30}},{"start":{"line":286,"column":8},"end":{"line":286,"column":34}}]},"20":{"loc":{"start":{"line":297,"column":12},"end":{"line":297,"column":69}},"type":"binary-expr","locations":[{"start":{"line":297,"column":12},"end":{"line":297,"column":40}},{"start":{"line":297,"column":44},"end":{"line":297,"column":69}}]},"21":{"loc":{"start":{"line":299,"column":12},"end":{"line":299,"column":75}},"type":"binary-expr","locations":[{"start":{"line":299,"column":12},"end":{"line":299,"column":43}},{"start":{"line":299,"column":47},"end":{"line":299,"column":75}}]},"22":{"loc":{"start":{"line":319,"column":6},"end":{"line":332,"column":7}},"type":"if","locations":[{"start":{"line":319,"column":6},"end":{"line":332,"column":7}}]},"23":{"loc":{"start":{"line":319,"column":10},"end":{"line":319,"column":69}},"type":"binary-expr","locations":[{"start":{"line":319,"column":10},"end":{"line":319,"column":15}},{"start":{"line":319,"column":19},"end":{"line":319,"column":43}},{"start":{"line":319,"column":47},"end":{"line":319,"column":69}}]},"24":{"loc":{"start":{"line":321,"column":8},"end":{"line":331,"column":9}},"type":"if","locations":[{"start":{"line":321,"column":8},"end":{"line":331,"column":9}}]},"25":{"loc":{"start":{"line":347,"column":6},"end":{"line":362,"column":7}},"type":"if","locations":[{"start":{"line":347,"column":6},"end":{"line":362,"column":7}}]},"26":{"loc":{"start":{"line":347,"column":10},"end":{"line":347,"column":68}},"type":"binary-expr","locations":[{"start":{"line":347,"column":10},"end":{"line":347,"column":37}},{"start":{"line":347,"column":41},"end":{"line":347,"column":68}}]},"27":{"loc":{"start":{"line":349,"column":8},"end":{"line":361,"column":9}},"type":"if","locations":[{"start":{"line":349,"column":8},"end":{"line":361,"column":9}}]},"28":{"loc":{"start":{"line":349,"column":12},"end":{"line":349,"column":45}},"type":"binary-expr","locations":[{"start":{"line":349,"column":12},"end":{"line":349,"column":17}},{"start":{"line":349,"column":21},"end":{"line":349,"column":45}}]},"29":{"loc":{"start":{"line":377,"column":4},"end":{"line":387,"column":5}},"type":"if","locations":[{"start":{"line":377,"column":4},"end":{"line":387,"column":5}}]},"30":{"loc":{"start":{"line":399,"column":6},"end":{"line":409,"column":7}},"type":"if","locations":[{"start":{"line":399,"column":6},"end":{"line":409,"column":7}},{"start":{"line":401,"column":13},"end":{"line":409,"column":7}}]},"31":{"loc":{"start":{"line":401,"column":13},"end":{"line":409,"column":7}},"type":"if","locations":[{"start":{"line":401,"column":13},"end":{"line":409,"column":7}},{"start":{"line":403,"column":13},"end":{"line":409,"column":7}}]},"32":{"loc":{"start":{"line":403,"column":13},"end":{"line":409,"column":7}},"type":"if","locations":[{"start":{"line":403,"column":13},"end":{"line":409,"column":7}},{"start":{"line":407,"column":13},"end":{"line":409,"column":7}}]},"33":{"loc":{"start":{"line":436,"column":4},"end":{"line":440,"column":5}},"type":"if","locations":[{"start":{"line":436,"column":4},"end":{"line":440,"column":5}}]},"34":{"loc":{"start":{"line":443,"column":4},"end":{"line":449,"column":5}},"type":"if","locations":[{"start":{"line":443,"column":4},"end":{"line":449,"column":5}}]},"35":{"loc":{"start":{"line":462,"column":6},"end":{"line":465,"column":7}},"type":"if","locations":[{"start":{"line":462,"column":6},"end":{"line":465,"column":7}}]},"36":{"loc":{"start":{"line":468,"column":4},"end":{"line":473,"column":5}},"type":"if","locations":[{"start":{"line":468,"column":4},"end":{"line":473,"column":5}}]},"37":{"loc":{"start":{"line":469,"column":6},"end":{"line":470,"column":67}},"type":"binary-expr","locations":[{"start":{"line":469,"column":6},"end":{"line":469,"column":17}},{"start":{"line":470,"column":6},"end":{"line":470,"column":67}}]},"38":{"loc":{"start":{"line":478,"column":4},"end":{"line":494,"column":5}},"type":"if","locations":[{"start":{"line":478,"column":4},"end":{"line":494,"column":5}}]},"39":{"loc":{"start":{"line":482,"column":8},"end":{"line":490,"column":9}},"type":"if","locations":[{"start":{"line":482,"column":8},"end":{"line":490,"column":9}}]},"40":{"loc":{"start":{"line":498,"column":22},"end":{"line":498,"column":38}},"type":"binary-expr","locations":[{"start":{"line":498,"column":22},"end":{"line":498,"column":32}},{"start":{"line":498,"column":36},"end":{"line":498,"column":38}}]},"41":{"loc":{"start":{"line":506,"column":6},"end":{"line":506,"column":79}},"type":"binary-expr","locations":[{"start":{"line":506,"column":6},"end":{"line":506,"column":32}},{"start":{"line":506,"column":36},"end":{"line":506,"column":79}}]},"42":{"loc":{"start":{"line":515,"column":6},"end":{"line":518,"column":7}},"type":"if","locations":[{"start":{"line":515,"column":6},"end":{"line":518,"column":7}}]},"43":{"loc":{"start":{"line":522,"column":4},"end":{"line":535,"column":5}},"type":"if","locations":[{"start":{"line":522,"column":4},"end":{"line":535,"column":5}}]},"44":{"loc":{"start":{"line":526,"column":8},"end":{"line":531,"column":9}},"type":"if","locations":[{"start":{"line":526,"column":8},"end":{"line":531,"column":9}}]},"45":{"loc":{"start":{"line":529,"column":12},"end":{"line":529,"column":54}},"type":"if","locations":[{"start":{"line":529,"column":12},"end":{"line":529,"column":54}}]},"46":{"loc":{"start":{"line":539,"column":22},"end":{"line":539,"column":45}},"type":"binary-expr","locations":[{"start":{"line":539,"column":22},"end":{"line":539,"column":32}},{"start":{"line":539,"column":36},"end":{"line":539,"column":45}}]},"47":{"loc":{"start":{"line":549,"column":4},"end":{"line":557,"column":5}},"type":"if","locations":[{"start":{"line":549,"column":4},"end":{"line":557,"column":5}}]},"48":{"loc":{"start":{"line":566,"column":6},"end":{"line":566,"column":56}},"type":"if","locations":[{"start":{"line":566,"column":6},"end":{"line":566,"column":56}}]},"49":{"loc":{"start":{"line":566,"column":10},"end":{"line":566,"column":45}},"type":"binary-expr","locations":[{"start":{"line":566,"column":10},"end":{"line":566,"column":18}},{"start":{"line":566,"column":22},"end":{"line":566,"column":45}}]},"50":{"loc":{"start":{"line":568,"column":6},"end":{"line":571,"column":7}},"type":"if","locations":[{"start":{"line":568,"column":6},"end":{"line":571,"column":7}}]},"51":{"loc":{"start":{"line":572,"column":6},"end":{"line":575,"column":7}},"type":"if","locations":[{"start":{"line":572,"column":6},"end":{"line":575,"column":7}}]},"52":{"loc":{"start":{"line":578,"column":6},"end":{"line":582,"column":7}},"type":"if","locations":[{"start":{"line":578,"column":6},"end":{"line":582,"column":7}}]},"53":{"loc":{"start":{"line":580,"column":8},"end":{"line":581,"column":80}},"type":"if","locations":[{"start":{"line":580,"column":8},"end":{"line":581,"column":80}},{"start":{"line":581,"column":13},"end":{"line":581,"column":80}}]},"54":{"loc":{"start":{"line":581,"column":13},"end":{"line":581,"column":80}},"type":"if","locations":[{"start":{"line":581,"column":13},"end":{"line":581,"column":80}}]},"55":{"loc":{"start":{"line":646,"column":6},"end":{"line":648,"column":51}},"type":"binary-expr","locations":[{"start":{"line":646,"column":6},"end":{"line":646,"column":45}},{"start":{"line":647,"column":7},"end":{"line":647,"column":51}},{"start":{"line":648,"column":8},"end":{"line":648,"column":50}}]},"56":{"loc":{"start":{"line":651,"column":15},"end":{"line":651,"column":69}},"type":"cond-expr","locations":[{"start":{"line":651,"column":30},"end":{"line":651,"column":50}},{"start":{"line":651,"column":53},"end":{"line":651,"column":69}}]},"57":{"loc":{"start":{"line":688,"column":8},"end":{"line":690,"column":27}},"type":"binary-expr","locations":[{"start":{"line":688,"column":8},"end":{"line":690,"column":14}},{"start":{"line":690,"column":18},"end":{"line":690,"column":27}}]},"58":{"loc":{"start":{"line":701,"column":8},"end":{"line":703,"column":27}},"type":"binary-expr","locations":[{"start":{"line":701,"column":8},"end":{"line":703,"column":14}},{"start":{"line":703,"column":18},"end":{"line":703,"column":27}}]}},"s":{"0":0,"1":0,"2":0,"3":0,"4":0,"5":0,"6":0,"7":0,"8":0,"9":0,"10":0,"11":0,"12":0,"13":0,"14":0,"15":0,"16":0,"17":0,"18":0,"19":0,"20":0,"21":0,"22":0,"23":0,"24":0,"25":0,"26":0,"27":0,"28":0,"29":0,"30":0,"31":0,"32":0,"33":0,"34":0,"35":0,"36":0,"37":0,"38":0,"39":0,"40":0,"41":0,"42":0,"43":0,"44":0,"45":0,"46":0,"47":0,"48":0,"49":0,"50":0,"51":0,"52":0,"53":0,"54":0,"55":0,"56":0,"57":0,"58":0,"59":0,"60":0,"61":0,"62":0,"63":0,"64":0,"65":0,"66":0,"67":0,"68":0,"69":0,"70":0,"71":0,"72":0,"73":0,"74":0,"75":0,"76":0,"77":0,"78":0,"79":0,"80":0,"81":0,"82":0,"83":0,"84":0,"85":0,"86":0,"87":0,"88":0,"89":0,"90":0,"91":0,"92":0,"93":0,"94":0,"95":0,"96":0,"97":0,"98":0,"99":0,"100":0,"101":0,"102":0,"103":0,"104":0,"105":0,"106":0,"107":0,"108":0,"109":0,"110":0,"111":0,"112":0,"113":0,"114":0,"115":0,"116":0,"117":0,"118":0,"119":0,"120":0,"121":0,"122":0,"123":0,"124":0,"125":0,"126":0,"127":0,"128":0,"129":0,"130":0,"131":0,"132":0,"133":0,"134":0,"135":0,"136":0,"137":0,"138":0,"139":0,"140":0,"141":0,"142":0,"143":0,"144":0,"145":0,"146":0,"147":0,"148":0,"149":0,"150":0,"151":0,"152":0,"153":0,"154":0,"155":0,"156":0,"157":0,"158":0,"159":0,"160":0,"161":0,"162":0,"163":0,"164":0,"165":0,"166":0,"167":0,"168":0,"169":0,"170":0,"171":0,"172":0,"173":0,"174":0,"175":0,"176":0,"177":0,"178":0,"179":0,"180":0,"181":0,"182":0,"183":0,"184":0,"185":0,"186":0,"187":0,"188":0,"189":0,"190":0,"191":0,"192":0,"193":0,"194":0,"195":0,"196":0,"197":0,"198":0,"199":0,"200":0,"201":0,"202":0,"203":0,"204":0,"205":0,"206":0,"207":0,"208":0,"209":0,"210":0,"211":0,"212":0,"213":0,"214":0,"215":0,"216":0,"217":0,"218":0,"219":0,"220":0,"221":0,"222":0,"223":0,"224":0,"225":0,"226":0,"227":0,"228":0,"229":0,"230":0,"231":0,"232":0,"233":0,"234":0,"235":0,"236":0,"237":0,"238":0,"239":0,"240":0,"241":0,"242":0,"243":0},"f":{"0":0,"1":0,"2":0,"3":0,"4":0,"5":0,"6":0,"7":0,"8":0,"9":0,"10":0,"11":0,"12":0,"13":0,"14":0,"15":0,"16":0,"17":0,"18":0,"19":0,"20":0,"21":0,"22":0,"23":0,"24":0,"25":0,"26":0},"b":{"0":[0],"1":[0,0],"2":[0],"3":[0],"4":[0,0],"5":[0,0],"6":[0,0],"7":[0],"8":[0],"9":[0],"10":[0],"11":[0],"12":[0,0],"13":[0],"14":[0,0],"15":[0],"16":[0],"17":[0,0],"18":[0],"19":[0,0,0,0],"20":[0,0],"21":[0,0],"22":[0],"23":[0,0,0],"24":[0],"25":[0],"26":[0,0],"27":[0],"28":[0,0],"29":[0],"30":[0,0],"31":[0,0],"32":[0,0],"33":[0],"34":[0],"35":[0],"36":[0],"37":[0,0],"38":[0],"39":[0],"40":[0,0],"41":[0,0],"42":[0],"43":[0],"44":[0],"45":[0],"46":[0,0],"47":[0],"48":[0],"49":[0,0],"50":[0],"51":[0],"52":[0],"53":[0,0],"54":[0],"55":[0,0,0],"56":[0,0],"57":[0,0],"58":[0,0]}}
,"/Users/daniel/Documents/synapse/packages/core/src/compiler/design-compiler.ts": {"path":"/Users/daniel/Documents/synapse/packages/core/src/compiler/design-compiler.ts","statementMap":{"0":{"start":{"line":42,"column":23},"end":{"line":42,"column":48}},"1":{"start":{"line":43,"column":25},"end":{"line":43,"column":58}},"2":{"start":{"line":46,"column":4},"end":{"line":46,"column":25}},"3":{"start":{"line":50,"column":21},"end":{"line":50,"column":59}},"4":{"start":{"line":51,"column":25},"end":{"line":51,"column":64}},"5":{"start":{"line":53,"column":32},"end":{"line":53,"column":34}},"6":{"start":{"line":54,"column":23},"end":{"line":54,"column":56}},"7":{"start":{"line":55,"column":40},"end":{"line":55,"column":143}},"8":{"start":{"line":56,"column":25},"end":{"line":56,"column":63}},"9":{"start":{"line":57,"column":34},"end":{"line":57,"column":91}},"10":{"start":{"line":59,"column":4},"end":{"line":70,"column":5}},"11":{"start":{"line":60,"column":6},"end":{"line":69,"column":7}},"12":{"start":{"line":61,"column":33},"end":{"line":67,"column":10}},"13":{"start":{"line":68,"column":8},"end":{"line":68,"column":25}},"14":{"start":{"line":72,"column":4},"end":{"line":74,"column":5}},"15":{"start":{"line":73,"column":6},"end":{"line":73,"column":35}},"16":{"start":{"line":76,"column":4},"end":{"line":88,"column":6}},"17":{"start":{"line":92,"column":35},"end":{"line":92,"column":37}},"18":{"start":{"line":93,"column":4},"end":{"line":96,"column":5}},"19":{"start":{"line":94,"column":21},"end":{"line":94,"column":43}},"20":{"start":{"line":95,"column":6},"end":{"line":95,"column":40}},"21":{"start":{"line":95,"column":18},"end":{"line":95,"column":40}},"22":{"start":{"line":97,"column":4},"end":{"line":97,"column":20}},"23":{"start":{"line":101,"column":4},"end":{"line":125,"column":5}},"24":{"start":{"line":103,"column":8},"end":{"line":103,"column":39}},"25":{"start":{"line":105,"column":8},"end":{"line":105,"column":43}},"26":{"start":{"line":107,"column":8},"end":{"line":107,"column":46}},"27":{"start":{"line":109,"column":8},"end":{"line":109,"column":42}},"28":{"start":{"line":111,"column":8},"end":{"line":111,"column":38}},"29":{"start":{"line":117,"column":8},"end":{"line":117,"column":39}},"30":{"start":{"line":120,"column":8},"end":{"line":120,"column":39}},"31":{"start":{"line":122,"column":8},"end":{"line":122,"column":41}},"32":{"start":{"line":124,"column":8},"end":{"line":124,"column":20}},"33":{"start":{"line":129,"column":18},"end":{"line":129,"column":34}},"34":{"start":{"line":130,"column":20},"end":{"line":130,"column":44}},"35":{"start":{"line":132,"column":4},"end":{"line":159,"column":6}},"36":{"start":{"line":163,"column":38},"end":{"line":174,"column":6}},"37":{"start":{"line":176,"column":4},"end":{"line":176,"column":46}},"38":{"start":{"line":178,"column":4},"end":{"line":188,"column":6}},"39":{"start":{"line":192,"column":28},"end":{"line":192,"column":47}},"40":{"start":{"line":193,"column":24},"end":{"line":193,"column":54}},"41":{"start":{"line":194,"column":36},"end":{"line":194,"column":38}},"42":{"start":{"line":196,"column":4},"end":{"line":213,"column":5}},"43":{"start":{"line":197,"column":6},"end":{"line":197,"column":47}},"44":{"start":{"line":197,"column":38},"end":{"line":197,"column":47}},"45":{"start":{"line":199,"column":35},"end":{"line":209,"column":8}},"46":{"start":{"line":211,"column":6},"end":{"line":211,"column":41}},"47":{"start":{"line":212,"column":6},"end":{"line":212,"column":29}},"48":{"start":{"line":215,"column":38},"end":{"line":226,"column":6}},"49":{"start":{"line":228,"column":4},"end":{"line":228,"column":46}},"50":{"start":{"line":230,"column":4},"end":{"line":240,"column":6}},"51":{"start":{"line":245,"column":4},"end":{"line":252,"column":9}},"52":{"start":{"line":247,"column":19},"end":{"line":247,"column":30}},"53":{"start":{"line":250,"column":30},"end":{"line":250,"column":64}},"54":{"start":{"line":250,"column":55},"end":{"line":250,"column":63}},"55":{"start":{"line":251,"column":8},"end":{"line":251,"column":58}},"56":{"start":{"line":256,"column":24},"end":{"line":256,"column":69}},"57":{"start":{"line":258,"column":4},"end":{"line":269,"column":6}},"58":{"start":{"line":273,"column":4},"end":{"line":279,"column":6}},"59":{"start":{"line":283,"column":4},"end":{"line":292,"column":6}},"60":{"start":{"line":296,"column":4},"end":{"line":303,"column":6}},"61":{"start":{"line":307,"column":4},"end":{"line":307,"column":35}},"62":{"start":{"line":311,"column":18},"end":{"line":311,"column":34}},"63":{"start":{"line":312,"column":20},"end":{"line":312,"column":38}},"64":{"start":{"line":313,"column":20},"end":{"line":313,"column":38}},"65":{"start":{"line":315,"column":4},"end":{"line":324,"column":6}},"66":{"start":{"line":320,"column":51},"end":{"line":320,"column":69}},"67":{"start":{"line":328,"column":14},"end":{"line":328,"column":24}},"68":{"start":{"line":329,"column":4},"end":{"line":342,"column":6}},"69":{"start":{"line":346,"column":28},"end":{"line":346,"column":30}},"70":{"start":{"line":347,"column":4},"end":{"line":358,"column":5}},"71":{"start":{"line":348,"column":6},"end":{"line":348,"column":40}},"72":{"start":{"line":348,"column":31},"end":{"line":348,"column":40}},"73":{"start":{"line":349,"column":6},"end":{"line":357,"column":7}},"74":{"start":{"line":350,"column":8},"end":{"line":350,"column":101}},"75":{"start":{"line":351,"column":13},"end":{"line":357,"column":7}},"76":{"start":{"line":352,"column":8},"end":{"line":356,"column":11}},"77":{"start":{"line":354,"column":62},"end":{"line":354,"column":129}},"78":{"start":{"line":359,"column":4},"end":{"line":359,"column":18}},"79":{"start":{"line":363,"column":4},"end":{"line":365,"column":109}},"80":{"start":{"line":364,"column":19},"end":{"line":364,"column":71}},"81":{"start":{"line":365,"column":17},"end":{"line":365,"column":106}},"82":{"start":{"line":369,"column":4},"end":{"line":379,"column":10}},"83":{"start":{"line":370,"column":19},"end":{"line":370,"column":38}},"84":{"start":{"line":371,"column":17},"end":{"line":379,"column":8}},"85":{"start":{"line":383,"column":4},"end":{"line":387,"column":5}},"86":{"start":{"line":384,"column":6},"end":{"line":386,"column":7}},"87":{"start":{"line":385,"column":8},"end":{"line":385,"column":48}},"88":{"start":{"line":388,"column":4},"end":{"line":388,"column":16}},"89":{"start":{"line":392,"column":16},"end":{"line":392,"column":115}},"90":{"start":{"line":394,"column":4},"end":{"line":396,"column":5}},"91":{"start":{"line":395,"column":6},"end":{"line":395,"column":141}},"92":{"start":{"line":398,"column":4},"end":{"line":398,"column":62}},"93":{"start":{"line":402,"column":4},"end":{"line":405,"column":5}},"94":{"start":{"line":403,"column":59},"end":{"line":403,"column":84}},"95":{"start":{"line":404,"column":6},"end":{"line":404,"column":60}},"96":{"start":{"line":406,"column":20},"end":{"line":406,"column":42}},"97":{"start":{"line":407,"column":4},"end":{"line":407,"column":94}},"98":{"start":{"line":411,"column":4},"end":{"line":415,"column":5}},"99":{"start":{"line":412,"column":25},"end":{"line":412,"column":45}},"100":{"start":{"line":413,"column":23},"end":{"line":413,"column":41}},"101":{"start":{"line":414,"column":15},"end":{"line":414,"column":29}},"102":{"start":{"line":419,"column":80},"end":{"line":424,"column":6}},"103":{"start":{"line":425,"column":4},"end":{"line":425,"column":41}},"104":{"start":{"line":429,"column":77},"end":{"line":434,"column":6}},"105":{"start":{"line":435,"column":4},"end":{"line":435,"column":42}},"106":{"start":{"line":439,"column":65},"end":{"line":443,"column":6}},"107":{"start":{"line":444,"column":4},"end":{"line":444,"column":41}},"108":{"start":{"line":448,"column":76},"end":{"line":452,"column":6}},"109":{"start":{"line":453,"column":4},"end":{"line":453,"column":47}},"110":{"start":{"line":457,"column":33},"end":{"line":457,"column":35}},"111":{"start":{"line":458,"column":36},"end":{"line":458,"column":38}},"112":{"start":{"line":459,"column":42},"end":{"line":459,"column":44}},"113":{"start":{"line":460,"column":35},"end":{"line":460,"column":37}},"114":{"start":{"line":461,"column":33},"end":{"line":461,"column":35}},"115":{"start":{"line":462,"column":43},"end":{"line":462,"column":45}},"116":{"start":{"line":464,"column":4},"end":{"line":472,"column":5}},"117":{"start":{"line":465,"column":6},"end":{"line":465,"column":47}},"118":{"start":{"line":465,"column":38},"end":{"line":465,"column":47}},"119":{"start":{"line":467,"column":20},"end":{"line":467,"column":52}},"120":{"start":{"line":468,"column":6},"end":{"line":468,"column":64}},"121":{"start":{"line":468,"column":55},"end":{"line":468,"column":64}},"122":{"start":{"line":470,"column":27},"end":{"line":470,"column":32}},"123":{"start":{"line":471,"column":6},"end":{"line":471,"column":74}},"124":{"start":{"line":474,"column":4},"end":{"line":474,"column":112}},"125":{"start":{"line":40,"column":0},"end":{"line":40,"column":13}}},"fnMap":{"0":{"name":"(anonymous_0)","decl":{"start":{"line":45,"column":2},"end":{"line":45,"column":14}},"loc":{"start":{"line":45,"column":33},"end":{"line":47,"column":3}}},"1":{"name":"(anonymous_1)","decl":{"start":{"line":49,"column":2},"end":{"line":49,"column":7}},"loc":{"start":{"line":49,"column":31},"end":{"line":89,"column":3}}},"2":{"name":"(anonymous_2)","decl":{"start":{"line":91,"column":10},"end":{"line":91,"column":22}},"loc":{"start":{"line":91,"column":46},"end":{"line":98,"column":3}}},"3":{"name":"(anonymous_3)","decl":{"start":{"line":100,"column":10},"end":{"line":100,"column":21}},"loc":{"start":{"line":100,"column":42},"end":{"line":126,"column":3}}},"4":{"name":"(anonymous_4)","decl":{"start":{"line":128,"column":10},"end":{"line":128,"column":22}},"loc":{"start":{"line":128,"column":43},"end":{"line":160,"column":3}}},"5":{"name":"(anonymous_5)","decl":{"start":{"line":162,"column":10},"end":{"line":162,"column":26}},"loc":{"start":{"line":162,"column":47},"end":{"line":189,"column":3}}},"6":{"name":"(anonymous_6)","decl":{"start":{"line":191,"column":10},"end":{"line":191,"column":29}},"loc":{"start":{"line":191,"column":50},"end":{"line":241,"column":3}}},"7":{"name":"(anonymous_7)","decl":{"start":{"line":244,"column":10},"end":{"line":244,"column":32}},"loc":{"start":{"line":244,"column":52},"end":{"line":253,"column":3}}},"8":{"name":"(anonymous_8)","decl":{"start":{"line":247,"column":11},"end":{"line":247,"column":15}},"loc":{"start":{"line":247,"column":19},"end":{"line":247,"column":30}}},"9":{"name":"(anonymous_9)","decl":{"start":{"line":249,"column":11},"end":{"line":249,"column":15}},"loc":{"start":{"line":249,"column":18},"end":{"line":252,"column":7}}},"10":{"name":"(anonymous_10)","decl":{"start":{"line":250,"column":50},"end":{"line":250,"column":51}},"loc":{"start":{"line":250,"column":55},"end":{"line":250,"column":63}}},"11":{"name":"(anonymous_11)","decl":{"start":{"line":255,"column":10},"end":{"line":255,"column":25}},"loc":{"start":{"line":255,"column":46},"end":{"line":270,"column":3}}},"12":{"name":"(anonymous_12)","decl":{"start":{"line":272,"column":10},"end":{"line":272,"column":21}},"loc":{"start":{"line":272,"column":42},"end":{"line":280,"column":3}}},"13":{"name":"(anonymous_13)","decl":{"start":{"line":282,"column":10},"end":{"line":282,"column":22}},"loc":{"start":{"line":282,"column":43},"end":{"line":293,"column":3}}},"14":{"name":"(anonymous_14)","decl":{"start":{"line":295,"column":10},"end":{"line":295,"column":22}},"loc":{"start":{"line":295,"column":43},"end":{"line":304,"column":3}}},"15":{"name":"(anonymous_15)","decl":{"start":{"line":306,"column":10},"end":{"line":306,"column":24}},"loc":{"start":{"line":306,"column":45},"end":{"line":308,"column":3}}},"16":{"name":"(anonymous_16)","decl":{"start":{"line":310,"column":10},"end":{"line":310,"column":22}},"loc":{"start":{"line":310,"column":43},"end":{"line":325,"column":3}}},"17":{"name":"(anonymous_17)","decl":{"start":{"line":320,"column":46},"end":{"line":320,"column":47}},"loc":{"start":{"line":320,"column":51},"end":{"line":320,"column":69}}},"18":{"name":"(anonymous_18)","decl":{"start":{"line":327,"column":10},"end":{"line":327,"column":26}},"loc":{"start":{"line":327,"column":47},"end":{"line":343,"column":3}}},"19":{"name":"(anonymous_19)","decl":{"start":{"line":345,"column":10},"end":{"line":345,"column":18}},"loc":{"start":{"line":345,"column":39},"end":{"line":360,"column":3}}},"20":{"name":"(anonymous_20)","decl":{"start":{"line":354,"column":53},"end":{"line":354,"column":57}},"loc":{"start":{"line":354,"column":62},"end":{"line":354,"column":129}}},"21":{"name":"(anonymous_21)","decl":{"start":{"line":362,"column":10},"end":{"line":362,"column":20}},"loc":{"start":{"line":362,"column":41},"end":{"line":366,"column":3}}},"22":{"name":"(anonymous_22)","decl":{"start":{"line":364,"column":14},"end":{"line":364,"column":15}},"loc":{"start":{"line":364,"column":19},"end":{"line":364,"column":71}}},"23":{"name":"(anonymous_23)","decl":{"start":{"line":365,"column":11},"end":{"line":365,"column":12}},"loc":{"start":{"line":365,"column":17},"end":{"line":365,"column":106}}},"24":{"name":"(anonymous_24)","decl":{"start":{"line":368,"column":10},"end":{"line":368,"column":20}},"loc":{"start":{"line":368,"column":43},"end":{"line":380,"column":3}}},"25":{"name":"(anonymous_25)","decl":{"start":{"line":370,"column":14},"end":{"line":370,"column":15}},"loc":{"start":{"line":370,"column":19},"end":{"line":370,"column":38}}},"26":{"name":"(anonymous_26)","decl":{"start":{"line":371,"column":11},"end":{"line":371,"column":12}},"loc":{"start":{"line":371,"column":17},"end":{"line":379,"column":8}}},"27":{"name":"(anonymous_27)","decl":{"start":{"line":382,"column":10},"end":{"line":382,"column":22}},"loc":{"start":{"line":382,"column":43},"end":{"line":389,"column":3}}},"28":{"name":"(anonymous_28)","decl":{"start":{"line":391,"column":10},"end":{"line":391,"column":24}},"loc":{"start":{"line":391,"column":78},"end":{"line":399,"column":3}}},"29":{"name":"(anonymous_29)","decl":{"start":{"line":401,"column":10},"end":{"line":401,"column":25}},"loc":{"start":{"line":401,"column":46},"end":{"line":408,"column":3}}},"30":{"name":"(anonymous_30)","decl":{"start":{"line":410,"column":10},"end":{"line":410,"column":23}},"loc":{"start":{"line":410,"column":37},"end":{"line":416,"column":3}}},"31":{"name":"(anonymous_31)","decl":{"start":{"line":418,"column":10},"end":{"line":418,"column":22}},"loc":{"start":{"line":418,"column":37},"end":{"line":426,"column":3}}},"32":{"name":"(anonymous_32)","decl":{"start":{"line":428,"column":10},"end":{"line":428,"column":32}},"loc":{"start":{"line":428,"column":47},"end":{"line":436,"column":3}}},"33":{"name":"(anonymous_33)","decl":{"start":{"line":438,"column":10},"end":{"line":438,"column":30}},"loc":{"start":{"line":438,"column":45},"end":{"line":445,"column":3}}},"34":{"name":"(anonymous_34)","decl":{"start":{"line":447,"column":10},"end":{"line":447,"column":27}},"loc":{"start":{"line":447,"column":47},"end":{"line":454,"column":3}}},"35":{"name":"(anonymous_35)","decl":{"start":{"line":456,"column":10},"end":{"line":456,"column":29}},"loc":{"start":{"line":456,"column":56},"end":{"line":475,"column":3}}}},"branchMap":{"0":{"loc":{"start":{"line":60,"column":6},"end":{"line":69,"column":7}},"type":"if","locations":[{"start":{"line":60,"column":6},"end":{"line":69,"column":7}}]},"1":{"loc":{"start":{"line":60,"column":10},"end":{"line":60,"column":64}},"type":"binary-expr","locations":[{"start":{"line":60,"column":10},"end":{"line":60,"column":36}},{"start":{"line":60,"column":40},"end":{"line":60,"column":64}}]},"2":{"loc":{"start":{"line":65,"column":38},"end":{"line":65,"column":61}},"type":"binary-expr","locations":[{"start":{"line":65,"column":38},"end":{"line":65,"column":55}},{"start":{"line":65,"column":59},"end":{"line":65,"column":61}}]},"3":{"loc":{"start":{"line":80,"column":16},"end":{"line":80,"column":40}},"type":"binary-expr","locations":[{"start":{"line":80,"column":16},"end":{"line":80,"column":29}},{"start":{"line":80,"column":33},"end":{"line":80,"column":40}}]},"4":{"loc":{"start":{"line":95,"column":6},"end":{"line":95,"column":40}},"type":"if","locations":[{"start":{"line":95,"column":6},"end":{"line":95,"column":40}}]},"5":{"loc":{"start":{"line":101,"column":4},"end":{"line":125,"column":5}},"type":"switch","locations":[{"start":{"line":102,"column":6},"end":{"line":103,"column":39}},{"start":{"line":104,"column":6},"end":{"line":105,"column":43}},{"start":{"line":106,"column":6},"end":{"line":107,"column":46}},{"start":{"line":108,"column":6},"end":{"line":109,"column":42}},{"start":{"line":110,"column":6},"end":{"line":111,"column":38}},{"start":{"line":112,"column":6},"end":{"line":112,"column":23}},{"start":{"line":113,"column":6},"end":{"line":113,"column":21}},{"start":{"line":114,"column":6},"end":{"line":114,"column":20}},{"start":{"line":115,"column":6},"end":{"line":115,"column":18}},{"start":{"line":116,"column":6},"end":{"line":117,"column":39}},{"start":{"line":118,"column":6},"end":{"line":118,"column":19}},{"start":{"line":119,"column":6},"end":{"line":120,"column":39}},{"start":{"line":121,"column":6},"end":{"line":122,"column":41}},{"start":{"line":123,"column":6},"end":{"line":124,"column":20}}]},"6":{"loc":{"start":{"line":129,"column":18},"end":{"line":129,"column":34}},"type":"binary-expr","locations":[{"start":{"line":129,"column":18},"end":{"line":129,"column":28}},{"start":{"line":129,"column":32},"end":{"line":129,"column":34}}]},"7":{"loc":{"start":{"line":141,"column":19},"end":{"line":141,"column":40}},"type":"binary-expr","locations":[{"start":{"line":141,"column":19},"end":{"line":141,"column":35}},{"start":{"line":141,"column":39},"end":{"line":141,"column":40}}]},"8":{"loc":{"start":{"line":142,"column":20},"end":{"line":142,"column":42}},"type":"binary-expr","locations":[{"start":{"line":142,"column":20},"end":{"line":142,"column":37}},{"start":{"line":142,"column":41},"end":{"line":142,"column":42}}]},"9":{"loc":{"start":{"line":143,"column":18},"end":{"line":143,"column":38}},"type":"binary-expr","locations":[{"start":{"line":143,"column":18},"end":{"line":143,"column":33}},{"start":{"line":143,"column":37},"end":{"line":143,"column":38}}]},"10":{"loc":{"start":{"line":144,"column":21},"end":{"line":144,"column":44}},"type":"binary-expr","locations":[{"start":{"line":144,"column":21},"end":{"line":144,"column":39}},{"start":{"line":144,"column":43},"end":{"line":144,"column":44}}]},"11":{"loc":{"start":{"line":145,"column":17},"end":{"line":145,"column":43}},"type":"binary-expr","locations":[{"start":{"line":145,"column":17},"end":{"line":145,"column":38}},{"start":{"line":145,"column":42},"end":{"line":145,"column":43}}]},"12":{"loc":{"start":{"line":149,"column":26},"end":{"line":149,"column":54}},"type":"binary-expr","locations":[{"start":{"line":149,"column":26},"end":{"line":149,"column":49}},{"start":{"line":149,"column":53},"end":{"line":149,"column":54}}]},"13":{"loc":{"start":{"line":150,"column":26},"end":{"line":150,"column":54}},"type":"binary-expr","locations":[{"start":{"line":150,"column":26},"end":{"line":150,"column":49}},{"start":{"line":150,"column":53},"end":{"line":150,"column":54}}]},"14":{"loc":{"start":{"line":152,"column":20},"end":{"line":152,"column":46}},"type":"binary-expr","locations":[{"start":{"line":152,"column":20},"end":{"line":152,"column":37}},{"start":{"line":152,"column":41},"end":{"line":152,"column":46}}]},"15":{"loc":{"start":{"line":155,"column":34},"end":{"line":155,"column":53}},"type":"binary-expr","locations":[{"start":{"line":155,"column":34},"end":{"line":155,"column":47}},{"start":{"line":155,"column":51},"end":{"line":155,"column":53}}]},"16":{"loc":{"start":{"line":192,"column":28},"end":{"line":192,"column":47}},"type":"binary-expr","locations":[{"start":{"line":192,"column":28},"end":{"line":192,"column":41}},{"start":{"line":192,"column":45},"end":{"line":192,"column":47}}]},"17":{"loc":{"start":{"line":197,"column":6},"end":{"line":197,"column":47}},"type":"if","locations":[{"start":{"line":197,"column":6},"end":{"line":197,"column":47}}]},"18":{"loc":{"start":{"line":204,"column":36},"end":{"line":204,"column":56}},"type":"binary-expr","locations":[{"start":{"line":204,"column":36},"end":{"line":204,"column":50}},{"start":{"line":204,"column":54},"end":{"line":204,"column":56}}]},"19":{"loc":{"start":{"line":208,"column":43},"end":{"line":208,"column":60}},"type":"binary-expr","locations":[{"start":{"line":208,"column":43},"end":{"line":208,"column":54}},{"start":{"line":208,"column":58},"end":{"line":208,"column":60}}]},"20":{"loc":{"start":{"line":221,"column":22},"end":{"line":221,"column":45}},"type":"binary-expr","locations":[{"start":{"line":221,"column":22},"end":{"line":221,"column":37}},{"start":{"line":221,"column":41},"end":{"line":221,"column":45}}]},"21":{"loc":{"start":{"line":251,"column":23},"end":{"line":251,"column":35}},"type":"binary-expr","locations":[{"start":{"line":251,"column":23},"end":{"line":251,"column":27}},{"start":{"line":251,"column":31},"end":{"line":251,"column":35}}]},"22":{"loc":{"start":{"line":251,"column":44},"end":{"line":251,"column":55}},"type":"binary-expr","locations":[{"start":{"line":251,"column":44},"end":{"line":251,"column":49}},{"start":{"line":251,"column":53},"end":{"line":251,"column":55}}]},"23":{"loc":{"start":{"line":263,"column":34},"end":{"line":263,"column":53}},"type":"binary-expr","locations":[{"start":{"line":263,"column":34},"end":{"line":263,"column":47}},{"start":{"line":263,"column":51},"end":{"line":263,"column":53}}]},"24":{"loc":{"start":{"line":268,"column":41},"end":{"line":268,"column":57}},"type":"binary-expr","locations":[{"start":{"line":268,"column":41},"end":{"line":268,"column":51}},{"start":{"line":268,"column":55},"end":{"line":268,"column":57}}]},"25":{"loc":{"start":{"line":277,"column":18},"end":{"line":277,"column":39}},"type":"binary-expr","locations":[{"start":{"line":277,"column":18},"end":{"line":277,"column":33}},{"start":{"line":277,"column":37},"end":{"line":277,"column":39}}]},"26":{"loc":{"start":{"line":291,"column":41},"end":{"line":291,"column":57}},"type":"binary-expr","locations":[{"start":{"line":291,"column":41},"end":{"line":291,"column":51}},{"start":{"line":291,"column":55},"end":{"line":291,"column":57}}]},"27":{"loc":{"start":{"line":300,"column":34},"end":{"line":300,"column":53}},"type":"binary-expr","locations":[{"start":{"line":300,"column":34},"end":{"line":300,"column":47}},{"start":{"line":300,"column":51},"end":{"line":300,"column":53}}]},"28":{"loc":{"start":{"line":311,"column":18},"end":{"line":311,"column":34}},"type":"binary-expr","locations":[{"start":{"line":311,"column":18},"end":{"line":311,"column":28}},{"start":{"line":311,"column":32},"end":{"line":311,"column":34}}]},"29":{"loc":{"start":{"line":312,"column":20},"end":{"line":312,"column":38}},"type":"binary-expr","locations":[{"start":{"line":312,"column":20},"end":{"line":312,"column":32}},{"start":{"line":312,"column":36},"end":{"line":312,"column":38}}]},"30":{"loc":{"start":{"line":313,"column":20},"end":{"line":313,"column":38}},"type":"binary-expr","locations":[{"start":{"line":313,"column":20},"end":{"line":313,"column":32}},{"start":{"line":313,"column":36},"end":{"line":313,"column":38}}]},"31":{"loc":{"start":{"line":318,"column":20},"end":{"line":318,"column":99}},"type":"cond-expr","locations":[{"start":{"line":318,"column":73},"end":{"line":318,"column":95}},{"start":{"line":318,"column":98},"end":{"line":318,"column":99}}]},"32":{"loc":{"start":{"line":318,"column":20},"end":{"line":318,"column":70}},"type":"binary-expr","locations":[{"start":{"line":318,"column":20},"end":{"line":318,"column":38}},{"start":{"line":318,"column":42},"end":{"line":318,"column":70}}]},"33":{"loc":{"start":{"line":318,"column":73},"end":{"line":318,"column":95}},"type":"binary-expr","locations":[{"start":{"line":318,"column":73},"end":{"line":318,"column":90}},{"start":{"line":318,"column":94},"end":{"line":318,"column":95}}]},"34":{"loc":{"start":{"line":330,"column":18},"end":{"line":330,"column":42}},"type":"binary-expr","locations":[{"start":{"line":330,"column":18},"end":{"line":330,"column":31}},{"start":{"line":330,"column":35},"end":{"line":330,"column":42}}]},"35":{"loc":{"start":{"line":332,"column":18},"end":{"line":332,"column":38}},"type":"binary-expr","locations":[{"start":{"line":332,"column":18},"end":{"line":332,"column":31}},{"start":{"line":332,"column":35},"end":{"line":332,"column":38}}]},"36":{"loc":{"start":{"line":333,"column":16},"end":{"line":333,"column":33}},"type":"binary-expr","locations":[{"start":{"line":333,"column":16},"end":{"line":333,"column":27}},{"start":{"line":333,"column":31},"end":{"line":333,"column":33}}]},"37":{"loc":{"start":{"line":336,"column":21},"end":{"line":336,"column":42}},"type":"binary-expr","locations":[{"start":{"line":336,"column":21},"end":{"line":336,"column":37}},{"start":{"line":336,"column":41},"end":{"line":336,"column":42}}]},"38":{"loc":{"start":{"line":348,"column":6},"end":{"line":348,"column":40}},"type":"if","locations":[{"start":{"line":348,"column":6},"end":{"line":348,"column":40}}]},"39":{"loc":{"start":{"line":349,"column":6},"end":{"line":357,"column":7}},"type":"if","locations":[{"start":{"line":349,"column":6},"end":{"line":357,"column":7}},{"start":{"line":351,"column":13},"end":{"line":357,"column":7}}]},"40":{"loc":{"start":{"line":349,"column":10},"end":{"line":349,"column":39}},"type":"binary-expr","locations":[{"start":{"line":349,"column":10},"end":{"line":349,"column":28}},{"start":{"line":349,"column":32},"end":{"line":349,"column":39}}]},"41":{"loc":{"start":{"line":350,"column":83},"end":{"line":350,"column":97}},"type":"binary-expr","locations":[{"start":{"line":350,"column":83},"end":{"line":350,"column":92}},{"start":{"line":350,"column":96},"end":{"line":350,"column":97}}]},"42":{"loc":{"start":{"line":351,"column":13},"end":{"line":357,"column":7}},"type":"if","locations":[{"start":{"line":351,"column":13},"end":{"line":357,"column":7}}]},"43":{"loc":{"start":{"line":354,"column":26},"end":{"line":354,"column":47}},"type":"binary-expr","locations":[{"start":{"line":354,"column":26},"end":{"line":354,"column":41}},{"start":{"line":354,"column":45},"end":{"line":354,"column":47}}]},"44":{"loc":{"start":{"line":355,"column":19},"end":{"line":355,"column":33}},"type":"binary-expr","locations":[{"start":{"line":355,"column":19},"end":{"line":355,"column":28}},{"start":{"line":355,"column":32},"end":{"line":355,"column":33}}]},"45":{"loc":{"start":{"line":364,"column":19},"end":{"line":364,"column":71}},"type":"binary-expr","locations":[{"start":{"line":364,"column":19},"end":{"line":364,"column":38}},{"start":{"line":364,"column":42},"end":{"line":364,"column":60}},{"start":{"line":364,"column":64},"end":{"line":364,"column":71}}]},"46":{"loc":{"start":{"line":365,"column":90},"end":{"line":365,"column":104}},"type":"binary-expr","locations":[{"start":{"line":365,"column":90},"end":{"line":365,"column":99}},{"start":{"line":365,"column":103},"end":{"line":365,"column":104}}]},"47":{"loc":{"start":{"line":375,"column":15},"end":{"line":375,"column":85}},"type":"cond-expr","locations":[{"start":{"line":375,"column":25},"end":{"line":375,"column":53}},{"start":{"line":375,"column":56},"end":{"line":375,"column":85}}]},"48":{"loc":{"start":{"line":376,"column":16},"end":{"line":376,"column":42}},"type":"binary-expr","locations":[{"start":{"line":376,"column":16},"end":{"line":376,"column":24}},{"start":{"line":376,"column":28},"end":{"line":376,"column":42}}]},"49":{"loc":{"start":{"line":377,"column":16},"end":{"line":377,"column":29}},"type":"binary-expr","locations":[{"start":{"line":377,"column":16},"end":{"line":377,"column":24}},{"start":{"line":377,"column":28},"end":{"line":377,"column":29}}]},"50":{"loc":{"start":{"line":378,"column":15},"end":{"line":378,"column":31}},"type":"binary-expr","locations":[{"start":{"line":378,"column":15},"end":{"line":378,"column":22}},{"start":{"line":378,"column":26},"end":{"line":378,"column":31}}]},"51":{"loc":{"start":{"line":384,"column":6},"end":{"line":386,"column":7}},"type":"if","locations":[{"start":{"line":384,"column":6},"end":{"line":386,"column":7}}]},"52":{"loc":{"start":{"line":384,"column":10},"end":{"line":384,"column":74}},"type":"binary-expr","locations":[{"start":{"line":384,"column":10},"end":{"line":384,"column":32}},{"start":{"line":384,"column":36},"end":{"line":384,"column":59}},{"start":{"line":384,"column":63},"end":{"line":384,"column":74}}]},"53":{"loc":{"start":{"line":394,"column":4},"end":{"line":396,"column":5}},"type":"if","locations":[{"start":{"line":394,"column":4},"end":{"line":396,"column":5}}]},"54":{"loc":{"start":{"line":402,"column":4},"end":{"line":405,"column":5}},"type":"if","locations":[{"start":{"line":402,"column":4},"end":{"line":405,"column":5}}]},"55":{"loc":{"start":{"line":406,"column":20},"end":{"line":406,"column":42}},"type":"binary-expr","locations":[{"start":{"line":406,"column":20},"end":{"line":406,"column":37}},{"start":{"line":406,"column":41},"end":{"line":406,"column":42}}]},"56":{"loc":{"start":{"line":411,"column":4},"end":{"line":415,"column":5}},"type":"switch","locations":[{"start":{"line":412,"column":6},"end":{"line":412,"column":45}},{"start":{"line":413,"column":6},"end":{"line":413,"column":41}},{"start":{"line":414,"column":6},"end":{"line":414,"column":29}}]},"57":{"loc":{"start":{"line":425,"column":11},"end":{"line":425,"column":40}},"type":"binary-expr","locations":[{"start":{"line":425,"column":11},"end":{"line":425,"column":31}},{"start":{"line":425,"column":35},"end":{"line":425,"column":40}}]},"58":{"loc":{"start":{"line":425,"column":19},"end":{"line":425,"column":30}},"type":"binary-expr","locations":[{"start":{"line":425,"column":19},"end":{"line":425,"column":24}},{"start":{"line":425,"column":28},"end":{"line":425,"column":30}}]},"59":{"loc":{"start":{"line":435,"column":11},"end":{"line":435,"column":41}},"type":"binary-expr","locations":[{"start":{"line":435,"column":11},"end":{"line":435,"column":31}},{"start":{"line":435,"column":35},"end":{"line":435,"column":41}}]},"60":{"loc":{"start":{"line":435,"column":19},"end":{"line":435,"column":30}},"type":"binary-expr","locations":[{"start":{"line":435,"column":19},"end":{"line":435,"column":24}},{"start":{"line":435,"column":28},"end":{"line":435,"column":30}}]},"61":{"loc":{"start":{"line":444,"column":11},"end":{"line":444,"column":40}},"type":"binary-expr","locations":[{"start":{"line":444,"column":11},"end":{"line":444,"column":31}},{"start":{"line":444,"column":35},"end":{"line":444,"column":40}}]},"62":{"loc":{"start":{"line":444,"column":19},"end":{"line":444,"column":30}},"type":"binary-expr","locations":[{"start":{"line":444,"column":19},"end":{"line":444,"column":24}},{"start":{"line":444,"column":28},"end":{"line":444,"column":30}}]},"63":{"loc":{"start":{"line":453,"column":11},"end":{"line":453,"column":46}},"type":"binary-expr","locations":[{"start":{"line":453,"column":11},"end":{"line":453,"column":36}},{"start":{"line":453,"column":40},"end":{"line":453,"column":46}}]},"64":{"loc":{"start":{"line":453,"column":19},"end":{"line":453,"column":35}},"type":"binary-expr","locations":[{"start":{"line":453,"column":19},"end":{"line":453,"column":29}},{"start":{"line":453,"column":3
[...]
"14":{"start":{"line":42,"column":2},"end":{"line":42,"column":null}},"15":{"start":{"line":45,"column":2},"end":{"line":45,"column":null}},"16":{"start":{"line":46,"column":2},"end":{"line":46,"column":null}},"17":{"start":{"line":49,"column":2},"end":{"line":49,"column":null}},"18":{"start":{"line":50,"column":2},"end":{"line":50,"column":null}},"19":{"start":{"line":53,"column":2},"end":{"line":53,"column":null}},"20":{"start":{"line":54,"column":2},"end":{"line":54,"column":null}},"21":{"start":{"line":55,"column":2},"end":{"line":55,"column":null}},"22":{"start":{"line":58,"column":2},"end":{"line":58,"column":null}},"23":{"start":{"line":59,"column":2},"end":{"line":59,"column":null}},"24":{"start":{"line":63,"column":2},"end":{"line":63,"column":29}},"25":{"start":{"line":67,"column":2},"end":{"line":67,"column":30}},"26":{"start":{"line":71,"column":2},"end":{"line":76,"column":3}},"27":{"start":{"line":72,"column":19},"end":{"line":72,"column":30}},"28":{"start":{"line":73,"column":4},"end":{"line":73,"column":22}},"29":{"start":{"line":75,"column":4},"end":{"line":75,"column":68}},"30":{"start":{"line":84,"column":2},"end":{"line":84,"column":36}},"31":{"start":{"line":93,"column":4},"end":{"line":93,"column":19}},"32":{"start":{"line":89,"column":20},"end":{"line":89,"column":35}},"33":{"start":{"line":91,"column":20},"end":{"line":91,"column":37}},"34":{"start":{"line":94,"column":4},"end":{"line":94,"column":42}},"35":{"start":{"line":87,"column":0},"end":{"line":87,"column":13}}},"fnMap":{"0":{"name":"(anonymous_0)","decl":{"start":{"line":27,"column":0},"end":{"line":27,"column":12}},"loc":{"start":{"line":27,"column":21},"end":{"line":60,"column":1}}},"1":{"name":"ok","decl":{"start":{"line":62,"column":16},"end":{"line":62,"column":18}},"loc":{"start":{"line":62,"column":30},"end":{"line":64,"column":1}}},"2":{"name":"err","decl":{"start":{"line":66,"column":16},"end":{"line":66,"column":19}},"loc":{"start":{"line":66,"column":59},"end":{"line":68,"column":1}}},"3":{"name":"okAsync","decl":{"start":{"line":70,"column":22},"end":{"line":70,"column":29}},"loc":{"start":{"line":70,"column":50},"end":{"line":77,"column":1}}},"4":{"name":"createError","decl":{"start":{"line":79,"column":16},"end":{"line":79,"column":27}},"loc":{"start":{"line":82,"column":19},"end":{"line":85,"column":1}}},"5":{"name":"(anonymous_5)","decl":{"start":{"line":88,"column":2},"end":{"line":88,"column":null}},"loc":{"start":{"line":91,"column":37},"end":{"line":95,"column":3}}}},"branchMap":{"0":{"loc":{"start":{"line":27,"column":12},"end":{"line":27,"column":null}},"type":"binary-expr","locations":[{"start":{"line":27,"column":12},"end":{"line":27,"column":21}},{"start":{"line":27,"column":21},"end":{"line":27,"column":null}}]}},"s":{"0":5,"1":5,"2":5,"3":5,"4":5,"5":5,"6":5,"7":5,"8":5,"9":5,"10":5,"11":5,"12":5,"13":5,"14":5,"15":5,"16":5,"17":5,"18":5,"19":5,"20":5,"21":5,"22":5,"23":5,"24":6,"25":6,"26":0,"27":0,"28":0,"29":0,"30":6,"31":0,"32":0,"33":0,"34":0,"35":5},"f":{"0":5,"1":6,"2":6,"3":0,"4":6,"5":0},"b":{"0":[5,5]}}
,"/Users/daniel/Documents/synapse/packages/core/src/utils/cache.ts": {"path":"/Users/daniel/Documents/synapse/packages/core/src/utils/cache.ts","statementMap":{"0":{"start":{"line":5,"column":0},"end":{"line":5,"column":25}},"1":{"start":{"line":6,"column":0},"end":{"line":6,"column":29}},"2":{"start":{"line":19,"column":4},"end":{"line":19,"column":27}},"3":{"start":{"line":20,"column":4},"end":{"line":20,"column":40}},"4":{"start":{"line":21,"column":4},"end":{"line":21,"column":29}},"5":{"start":{"line":25,"column":18},"end":{"line":25,"column":37}},"6":{"start":{"line":26,"column":4},"end":{"line":26,"column":28}},"7":{"start":{"line":26,"column":16},"end":{"line":26,"column":28}},"8":{"start":{"line":28,"column":4},"end":{"line":31,"column":5}},"9":{"start":{"line":29,"column":6},"end":{"line":29,"column":29}},"10":{"start":{"line":30,"column":6},"end":{"line":30,"column":18}},"11":{"start":{"line":33,"column":4},"end":{"line":33,"column":27}},"12":{"start":{"line":37,"column":33},"end":{"line":40,"column":6}},"13":{"start":{"line":41,"column":4},"end":{"line":41,"column":54}},"14":{"start":{"line":43,"column":4},"end":{"line":51,"column":5}},"15":{"start":{"line":44,"column":6},"end":{"line":50,"column":7}},"16":{"start":{"line":45,"column":8},"end":{"line":45,"column":57}},"17":{"start":{"line":46,"column":25},"end":{"line":46,"column":64}},"18":{"start":{"line":47,"column":8},"end":{"line":47,"column":89}},"19":{"start":{"line":55,"column":4},"end":{"line":55,"column":43}},"20":{"start":{"line":59,"column":4},"end":{"line":59,"column":27}},"21":{"start":{"line":60,"column":4},"end":{"line":67,"column":5}},"22":{"start":{"line":61,"column":6},"end":{"line":66,"column":7}},"23":{"start":{"line":62,"column":25},"end":{"line":62,"column":64}},"24":{"start":{"line":63,"column":8},"end":{"line":63,"column":32}},"25":{"start":{"line":71,"column":4},"end":{"line":71,"column":23}},"26":{"start":{"line":72,"column":4},"end":{"line":81,"column":5}},"27":{"start":{"line":73,"column":6},"end":{"line":80,"column":7}},"28":{"start":{"line":74,"column":20},"end":{"line":74,"column":49}},"29":{"start":{"line":75,"column":8},"end":{"line":77,"column":9}},"30":{"start":{"line":76,"column":10},"end":{"line":76,"column":56}},"31":{"start":{"line":85,"column":4},"end":{"line":85,"column":64}},"32":{"start":{"line":85,"column":57},"end":{"line":85,"column":64}},"33":{"start":{"line":87,"column":4},"end":{"line":101,"column":5}},"34":{"start":{"line":88,"column":20},"end":{"line":88,"column":49}},"35":{"start":{"line":89,"column":6},"end":{"line":98,"column":7}},"36":{"start":{"line":90,"column":8},"end":{"line":90,"column":46}},"37":{"start":{"line":90,"column":37},"end":{"line":90,"column":46}},"38":{"start":{"line":91,"column":25},"end":{"line":91,"column":55}},"39":{"start":{"line":92,"column":20},"end":{"line":92,"column":54}},"40":{"start":{"line":93,"column":43},"end":{"line":93,"column":58}},"41":{"start":{"line":95,"column":8},"end":{"line":97,"column":9}},"42":{"start":{"line":96,"column":10},"end":{"line":96,"column":59}},"43":{"start":{"line":105,"column":4},"end":{"line":105,"column":31}},"44":{"start":{"line":105,"column":24},"end":{"line":105,"column":31}},"45":{"start":{"line":107,"column":4},"end":{"line":115,"column":5}},"46":{"start":{"line":108,"column":6},"end":{"line":108,"column":55}},"47":{"start":{"line":109,"column":6},"end":{"line":112,"column":7}},"48":{"start":{"line":110,"column":25},"end":{"line":110,"column":64}},"49":{"start":{"line":111,"column":8},"end":{"line":111,"column":58}},"50":{"start":{"line":119,"column":4},"end":{"line":119,"column":27}},"51":{"start":{"line":13,"column":0},"end":{"line":13,"column":13}}},"fnMap":{"0":{"name":"(anonymous_9)","decl":{"start":{"line":18,"column":2},"end":{"line":18,"column":14}},"loc":{"start":{"line":18,"column":48},"end":{"line":22,"column":3}}},"1":{"name":"(anonymous_10)","decl":{"start":{"line":24,"column":2},"end":{"line":24,"column":5}},"loc":{"start":{"line":24,"column":20},"end":{"line":34,"column":3}}},"2":{"name":"(anonymous_11)","decl":{"start":{"line":36,"column":2},"end":{"line":36,"column":5}},"loc":{"start":{"line":36,"column":29},"end":{"line":52,"column":3}}},"3":{"name":"(anonymous_12)","decl":{"start":{"line":54,"column":2},"end":{"line":54,"column":5}},"loc":{"start":{"line":54,"column":17},"end":{"line":56,"column":3}}},"4":{"name":"(anonymous_13)","decl":{"start":{"line":58,"column":2},"end":{"line":58,"column":8}},"loc":{"start":{"line":58,"column":20},"end":{"line":68,"column":3}}},"5":{"name":"(anonymous_14)","decl":{"start":{"line":70,"column":2},"end":{"line":70,"column":7}},"loc":{"start":{"line":70,"column":7},"end":{"line":82,"column":3}}},"6":{"name":"(anonymous_15)","decl":{"start":{"line":84,"column":2},"end":{"line":84,"column":14}},"loc":{"start":{"line":84,"column":14},"end":{"line":102,"column":3}}},"7":{"name":"(anonymous_16)","decl":{"start":{"line":104,"column":2},"end":{"line":104,"column":12}},"loc":{"start":{"line":104,"column":12},"end":{"line":116,"column":3}}},"8":{"name":"(anonymous_17)","decl":{"start":{"line":118,"column":2},"end":{"line":118,"column":6}},"loc":{"start":{"line":118,"column":10},"end":{"line":120,"column":3}}}},"branchMap":{"0":{"loc":{"start":{"line":18,"column":14},"end":{"line":18,"column":29}},"type":"default-arg","locations":[{"start":{"line":18,"column":27},"end":{"line":18,"column":29}}]},"1":{"loc":{"start":{"line":26,"column":4},"end":{"line":26,"column":28}},"type":"if","locations":[{"start":{"line":26,"column":4},"end":{"line":26,"column":28}}]},"2":{"loc":{"start":{"line":28,"column":4},"end":{"line":31,"column":5}},"type":"if","locations":[{"start":{"line":28,"column":4},"end":{"line":31,"column":5}}]},"3":{"loc":{"start":{"line":43,"column":4},"end":{"line":51,"column":5}},"type":"if","locations":[{"start":{"line":43,"column":4},"end":{"line":51,"column":5}}]},"4":{"loc":{"start":{"line":60,"column":4},"end":{"line":67,"column":5}},"type":"if","locations":[{"start":{"line":60,"column":4},"end":{"line":67,"column":5}}]},"5":{"loc":{"start":{"line":72,"column":4},"end":{"line":81,"column":5}},"type":"if","locations":[{"start":{"line":72,"column":4},"end":{"line":81,"column":5}}]},"6":{"loc":{"start":{"line":85,"column":4},"end":{"line":85,"column":64}},"type":"if","locations":[{"start":{"line":85,"column":4},"end":{"line":85,"column":64}}]},"7":{"loc":{"start":{"line":85,"column":8},"end":{"line":85,"column":55}},"type":"binary-expr","locations":[{"start":{"line":85,"column":8},"end":{"line":85,"column":22}},{"start":{"line":85,"column":26},"end":{"line":85,"column":55}}]},"8":{"loc":{"start":{"line":90,"column":8},"end":{"line":90,"column":46}},"type":"if","locations":[{"start":{"line":90,"column":8},"end":{"line":90,"column":46}}]},"9":{"loc":{"start":{"line":95,"column":8},"end":{"line":97,"column":9}},"type":"if","locations":[{"start":{"line":95,"column":8},"end":{"line":97,"column":9}}]},"10":{"loc":{"start":{"line":105,"column":4},"end":{"line":105,"column":31}},"type":"if","locations":[{"start":{"line":105,"column":4},"end":{"line":105,"column":31}}]}},"s":{"0":0,"1":0,"2":0,"3":0,"4":0,"5":0,"6":0,"7":0,"8":0,"9":0,"10":0,"11":0,"12":0,"13":0,"14":0,"15":0,"16":0,"17":0,"18":0,"19":0,"20":0,"21":0,"22":0,"23":0,"24":0,"25":0,"26":0,"27":0,"28":0,"29":0,"30":0,"31":0,"32":0,"33":0,"34":0,"35":0,"36":0,"37":0,"38":0,"39":0,"40":0,"41":0,"42":0,"43":0,"44":0,"45":0,"46":0,"47":0,"48":0,"49":0,"50":0,"51":0},"f":{"0":0,"1":0,"2":0,"3":0,"4":0,"5":0,"6":0,"7":0,"8":0},"b":{"0":[0],"1":[0],"2":[0],"3":[0],"4":[0],"5":[0],"6":[0],"7":[0,0],"8":[0],"9":[0],"10":[0]}}
,"/Users/daniel/Documents/synapse/packages/core/src/utils/graph-serialization.ts": {"path":"/Users/daniel/Documents/synapse/packages/core/src/utils/graph-serialization.ts","statementMap":{"0":{"start":{"line":20,"column":0},"end":{"line":20,"column":16}},"1":{"start":{"line":46,"column":0},"end":{"line":46,"column":16}},"2":{"start":{"line":72,"column":0},"end":{"line":72,"column":16}},"3":{"start":{"line":87,"column":0},"end":{"line":87,"column":16}},"4":{"start":{"line":13,"column":2},"end":{"line":13,"column":43}},"5":{"start":{"line":17,"column":2},"end":{"line":17,"column":44}},"6":{"start":{"line":21,"column":2},"end":{"line":43,"column":4}},"7":{"start":{"line":25,"column":72},"end":{"line":28,"column":10}},"8":{"start":{"line":47,"column":25},"end":{"line":47,"column":46}},"9":{"start":{"line":49,"column":2},"end":{"line":69,"column":4}},"10":{"start":{"line":52,"column":61},"end":{"line":55,"column":8}},"11":{"start":{"line":73,"column":2},"end":{"line":84,"column":4}},"12":{"start":{"line":88,"column":2},"end":{"line":99,"column":4}}},"fnMap":{"0":{"name":"mapToObject","decl":{"start":{"line":12,"column":9},"end":{"line":12,"column":20}},"loc":{"start":{"line":12,"column":43},"end":{"line":14,"column":1}}},"1":{"name":"objectToMap","decl":{"start":{"line":16,"column":9},"end":{"line":16,"column":20}},"loc":{"start":{"line":16,"column":65},"end":{"line":18,"column":1}}},"2":{"name":"serializeDesignGraph","decl":{"start":{"line":20,"column":16},"end":{"line":20,"column":36}},"loc":{"start":{"line":20,"column":55},"end":{"line":44,"column":1}}},"3":{"name":"(anonymous_3)","decl":{"start":{"line":25,"column":51},"end":{"line":25,"column":52}},"loc":{"start":{"line":25,"column":72},"end":{"line":28,"column":10}}},"4":{"name":"deserializeDesignGraph","decl":{"start":{"line":46,"column":16},"end":{"line":46,"column":38}},"loc":{"start":{"line":46,"column":64},"end":{"line":70,"column":1}}},"5":{"name":"(anonymous_5)","decl":{"start":{"line":52,"column":40},"end":{"line":52,"column":41}},"loc":{"start":{"line":52,"column":61},"end":{"line":55,"column":8}}},"6":{"name":"serializeProjectGraph","decl":{"start":{"line":72,"column":16},"end":{"line":72,"column":37}},"loc":{"start":{"line":72,"column":57},"end":{"line":85,"column":1}}},"7":{"name":"deserializeProjectGraph","decl":{"start":{"line":87,"column":16},"end":{"line":87,"column":39}},"loc":{"start":{"line":87,"column":65},"end":{"line":100,"column":1}}}},"branchMap":{"0":{"loc":{"start":{"line":17,"column":32},"end":{"line":17,"column":41}},"type":"binary-expr","locations":[{"start":{"line":17,"column":32},"end":{"line":17,"column":35}},{"start":{"line":17,"column":39},"end":{"line":17,"column":41}}]},"1":{"loc":{"start":{"line":47,"column":25},"end":{"line":47,"column":46}},"type":"binary-expr","locations":[{"start":{"line":47,"column":25},"end":{"line":47,"column":40}},{"start":{"line":47,"column":44},"end":{"line":47,"column":46}}]}},"s":{"0":1,"1":1,"2":1,"3":1,"4":26,"5":15,"6":2,"7":2,"8":1,"9":1,"10":1,"11":1,"12":1},"f":{"0":26,"1":15,"2":2,"3":2,"4":1,"5":1,"6":1,"7":1},"b":{"0":[15,0],"1":[1,0]}}
,"/Users/daniel/Documents/synapse/packages/core/src/utils/logger.ts": {"path":"/Users/daniel/Documents/synapse/packages/core/src/utils/logger.ts","statementMap":{"0":{"start":{"line":61,"column":0},"end":{"line":61,"column":16}},"1":{"start":{"line":7,"column":0},"end":{"line":7,"column":null}},"2":{"start":{"line":8,"column":2},"end":{"line":8,"column":null}},"3":{"start":{"line":9,"column":2},"end":{"line":9,"column":null}},"4":{"start":{"line":10,"column":2},"end":{"line":10,"column":null}},"5":{"start":{"line":11,"column":2},"end":{"line":11,"column":null}},"6":{"start":{"line":14,"column":44},"end":{"line":19,"column":2}},"7":{"start":{"line":27,"column":4},"end":{"line":27,"column":58}},"8":{"start":{"line":28,"column":4},"end":{"line":28,"column":38}},"9":{"start":{"line":29,"column":4},"end":{"line":29,"column":25}},"10":{"start":{"line":33,"column":4},"end":{"line":33,"column":72}},"11":{"start":{"line":33,"column":38},"end":{"line":33,"column":72}},"12":{"start":{"line":37,"column":4},"end":{"line":37,"column":70}},"13":{"start":{"line":37,"column":37},"end":{"line":37,"column":70}},"14":{"start":{"line":41,"column":4},"end":{"line":41,"column":70}},"15":{"start":{"line":41,"column":37},"end":{"line":41,"column":70}},"16":{"start":{"line":45,"column":4},"end":{"line":45,"column":72}},"17":{"start":{"line":45,"column":38},"end":{"line":45,"column":72}},"18":{"start":{"line":49,"column":22},"end":{"line":49,"column":46}},"19":{"start":{"line":50,"column":18},"end":{"line":50,"column":29}},"20":{"start":{"line":51,"column":21},"end":{"line":51,"column":72}},"21":{"start":{"line":52,"column":19},"end":{"line":52,"column":60}},"22":{"start":{"line":54,"column":4},"end":{"line":57,"column":5}},"23":{"start":{"line":55,"column":28},"end":{"line":55,"column":166}},"24":{"start":{"line":56,"column":6},"end":{"line":56,"column":37}},"25":{"start":{"line":21,"column":0},"end":{"line":21,"column":13}},"26":{"start":{"line":62,"column":2},"end":{"line":62,"column":44}}},"fnMap":{"0":{"name":"(anonymous_0)","decl":{"start":{"line":7,"column":0},"end":{"line":7,"column":12}},"loc":{"start":{"line":7,"column":20},"end":{"line":12,"column":1}}},"1":{"name":"(anonymous_1)","decl":{"start":{"line":26,"column":2},"end":{"line":26,"column":14}},"loc":{"start":{"line":26,"column":50},"end":{"line":30,"column":3}}},"2":{"name":"(anonymous_2)","decl":{"start":{"line":32,"column":2},"end":{"line":32,"column":7}},"loc":{"start":{"line":32,"column":26},"end":{"line":34,"column":3}}},"3":{"name":"(anonymous_3)","decl":{"start":{"line":36,"column":2},"end":{"line":36,"column":6}},"loc":{"start":{"line":36,"column":25},"end":{"line":38,"column":3}}},"4":{"name":"(anonymous_4)","decl":{"start":{"line":40,"column":2},"end":{"line":40,"column":6}},"loc":{"start":{"line":40,"column":25},"end":{"line":42,"column":3}}},"5":{"name":"(anonymous_5)","decl":{"start":{"line":44,"column":2},"end":{"line":44,"column":7}},"loc":{"start":{"line":44,"column":26},"end":{"line":46,"column":3}}},"6":{"name":"(anonymous_6)","decl":{"start":{"line":48,"column":10},"end":{"line":48,"column":13}},"loc":{"start":{"line":48,"column":49},"end":{"line":58,"column":3}}},"7":{"name":"createLogger","decl":{"start":{"line":61,"column":16},"end":{"line":61,"column":28}},"loc":{"start":{"line":61,"column":67},"end":{"line":63,"column":1}}}},"branchMap":{"0":{"loc":{"start":{"line":7,"column":12},"end":{"line":7,"column":null}},"type":"binary-expr","locations":[{"start":{"line":7,"column":12},"end":{"line":7,"column":20}},{"start":{"line":7,"column":20},"end":{"line":7,"column":null}}]},"1":{"loc":{"start":{"line":26,"column":37},"end":{"line":26,"column":50}},"type":"default-arg","locations":[{"start":{"line":26,"column":46},"end":{"line":26,"column":50}}]},"2":{"loc":{"start":{"line":27,"column":17},"end":{"line":27,"column":57}},"type":"binary-expr","locations":[{"start":{"line":27,"column":17},"end":{"line":27,"column":40}},{"start":{"line":27,"column":44},"end":{"line":27,"column":57}}]},"3":{"loc":{"start":{"line":33,"column":4},"end":{"line":33,"column":72}},"type":"if","locations":[{"start":{"line":33,"column":4},"end":{"line":33,"column":72}}]},"4":{"loc":{"start":{"line":37,"column":4},"end":{"line":37,"column":70}},"type":"if","locations":[{"start":{"line":37,"column":4},"end":{"line":37,"column":70}}]},"5":{"loc":{"start":{"line":41,"column":4},"end":{"line":41,"column":70}},"type":"if","locations":[{"start":{"line":41,"column":4},"end":{"line":41,"column":70}}]},"6":{"loc":{"start":{"line":45,"column":4},"end":{"line":45,"column":72}},"type":"if","locations":[{"start":{"line":45,"column":4},"end":{"line":45,"column":72}}]},"7":{"loc":{"start":{"line":54,"column":4},"end":{"line":57,"column":5}},"type":"if","locations":[{"start":{"line":54,"column":4},"end":{"line":57,"column":5}}]},"8":{"loc":{"start":{"line":55,"column":28},"end":{"line":55,"column":166}},"type":"cond-expr","locations":[{"start":{"line":55,"column":55},"end":{"line":55,"column":68}},{"start":{"line":55,"column":71},"end":{"line":55,"column":166}}]},"9":{"loc":{"start":{"line":55,"column":71},"end":{"line":55,"column":166}},"type":"cond-expr","locations":[{"start":{"line":55,"column":97},"end":{"line":55,"column":109}},{"start":{"line":55,"column":112},"end":{"line":55,"column":166}}]},"10":{"loc":{"start":{"line":55,"column":112},"end":{"line":55,"column":166}},"type":"cond-expr","locations":[{"start":{"line":55,"column":139},"end":{"line":55,"column":152}},{"start":{"line":55,"column":155},"end":{"line":55,"column":166}}]},"11":{"loc":{"start":{"line":62,"column":28},"end":{"line":62,"column":42}},"type":"binary-expr","locations":[{"start":{"line":62,"column":28},"end":{"line":62,"column":34}},{"start":{"line":62,"column":38},"end":{"line":62,"column":42}}]}},"s":{"0":2,"1":2,"2":2,"3":2,"4":2,"5":2,"6":2,"7":9,"8":9,"9":9,"10":0,"11":0,"12":0,"13":0,"14":0,"15":0,"16":3,"17":3,"18":3,"19":3,"20":3,"21":3,"22":3,"23":0,"24":0,"25":2,"26":0},"f":{"0":2,"1":9,"2":0,"3":0,"4":0,"5":3,"6":3,"7":0},"b":{"0":[2,2],"1":[9],"2":[9,0],"3":[0],"4":[0],"5":[0],"6":[3],"7":[0],"8":[0,0],"9":[0,0],"10":[0,0],"11":[0,0]}}
}
