TN:
SF:src/analyzer/flutter-analyzer.ts
FN:29,(anonymous_9)
FN:33,(anonymous_10)
FN:79,(anonymous_11)
FN:104,(anonymous_12)
FN:128,(anonymous_13)
FN:151,(anonymous_14)
FN:174,(anonymous_15)
FN:197,(anonymous_16)
FN:213,(anonymous_17)
FN:250,(anonymous_18)
FN:272,(anonymous_19)
FN:309,(anonymous_20)
FN:338,(anonymous_21)
FN:368,(anonymous_22)
FN:430,(anonymous_23)
FN:452,(anonymous_24)
FN:504,(anonymous_25)
FN:547,(anonymous_26)
FN:590,(anonymous_27)
FN:592,(anonymous_28)
FN:598,(anonymous_29)
FN:602,(anonymous_30)
FN:641,(anonymous_31)
FN:660,(anonymous_32)
FN:672,(anonymous_33)
FN:684,(anonymous_34)
FN:697,(anonymous_35)
FNF:27
FNH:0
FNDA:0,(anonymous_9)
FNDA:0,(anonymous_10)
FNDA:0,(anonymous_11)
FNDA:0,(anonymous_12)
FNDA:0,(anonymous_13)
FNDA:0,(anonymous_14)
FNDA:0,(anonymous_15)
FNDA:0,(anonymous_16)
FNDA:0,(anonymous_17)
FNDA:0,(anonymous_18)
FNDA:0,(anonymous_19)
FNDA:0,(anonymous_20)
FNDA:0,(anonymous_21)
FNDA:0,(anonymous_22)
FNDA:0,(anonymous_23)
FNDA:0,(anonymous_24)
FNDA:0,(anonymous_25)
FNDA:0,(anonymous_26)
FNDA:0,(anonymous_27)
FNDA:0,(anonymous_28)
FNDA:0,(anonymous_29)
FNDA:0,(anonymous_30)
FNDA:0,(anonymous_31)
FNDA:0,(anonymous_32)
FNDA:0,(anonymous_33)
FNDA:0,(anonymous_34)
FNDA:0,(anonymous_35)
DA:5,0
DA:6,0
DA:25,0
DA:30,0
DA:34,0
DA:36,0
DA:37,0
DA:40,0
DA:41,0
DA:42,0
DA:44,0
DA:45,0
DA:46,0
DA:47,0
DA:48,0
DA:49,0
DA:50,0
DA:51,0
DA:52,0
DA:53,0
DA:54,0
DA:56,0
DA:80,0
DA:81,0
DA:83,0
DA:85,0
DA:86,0
DA:88,0
DA:89,0
DA:91,0
DA:92,0
DA:93,0
DA:94,0
DA:95,0
DA:96,0
DA:101,0
DA:107,0
DA:109,0
DA:111,0
DA:113,0
DA:114,0
DA:115,0
DA:116,0
DA:117,0
DA:118,0
DA:125,0
DA:131,0
DA:132,0
DA:134,0
DA:136,0
DA:137,0
DA:138,0
DA:139,0
DA:140,0
DA:141,0
DA:148,0
DA:154,0
DA:155,0
DA:157,0
DA:159,0
DA:160,0
DA:161,0
DA:162,0
DA:163,0
DA:164,0
DA:171,0
DA:177,0
DA:178,0
DA:180,0
DA:182,0
DA:183,0
DA:184,0
DA:185,0
DA:186,0
DA:187,0
DA:194,0
DA:198,0
DA:199,0
DA:201,0
DA:202,0
DA:203,0
DA:204,0
DA:205,0
DA:206,0
DA:210,0
DA:218,0
DA:219,0
DA:221,0
DA:222,0
DA:225,0
DA:226,0
DA:234,0
DA:237,0
DA:240,0
DA:241,0
DA:247,0
DA:256,0
DA:257,0
DA:277,0
DA:278,0
DA:280,0
DA:281,0
DA:282,0
DA:288,0
DA:289,0
DA:306,0
DA:314,0
DA:315,0
DA:317,0
DA:318,0
DA:319,0
DA:320,0
DA:321,0
DA:322,0
DA:335,0
DA:343,0
DA:344,0
DA:346,0
DA:347,0
DA:348,0
DA:349,0
DA:350,0
DA:351,0
DA:365,0
DA:369,0
DA:370,0
DA:371,0
DA:372,0
DA:373,0
DA:374,0
DA:375,0
DA:377,0
DA:378,0
DA:390,0
DA:396,0
DA:399,0
DA:400,0
DA:401,0
DA:402,0
DA:403,0
DA:406,0
DA:408,0
DA:411,0
DA:412,0
DA:413,0
DA:419,0
DA:435,0
DA:436,0
DA:437,0
DA:438,0
DA:442,0
DA:443,0
DA:444,0
DA:445,0
DA:453,0
DA:459,0
DA:461,0
DA:462,0
DA:463,0
DA:464,0
DA:468,0
DA:472,0
DA:475,0
DA:476,0
DA:478,0
DA:479,0
DA:480,0
DA:481,0
DA:482,0
DA:483,0
DA:484,0
DA:496,0
DA:506,0
DA:507,0
DA:509,0
DA:515,0
DA:516,0
DA:517,0
DA:521,0
DA:522,0
DA:523,0
DA:524,0
DA:525,0
DA:526,0
DA:527,0
DA:528,0
DA:529,0
DA:537,0
DA:548,0
DA:549,0
DA:550,0
DA:559,0
DA:560,0
DA:561,0
DA:562,0
DA:564,0
DA:565,0
DA:566,0
DA:568,0
DA:569,0
DA:570,0
DA:572,0
DA:573,0
DA:574,0
DA:577,0
DA:578,0
DA:579,0
DA:580,0
DA:581,0
DA:585,0
DA:591,0
DA:592,0
DA:599,0
DA:606,0
DA:615,0
DA:623,0
DA:631,0
DA:638,0
DA:646,0
DA:650,0
DA:661,0
DA:662,0
DA:673,0
DA:674,0
DA:678,0
DA:680,0
DA:685,0
DA:686,0
DA:687,0
DA:693,0
DA:698,0
DA:699,0
DA:700,0
DA:706,0
LF:234
LH:0
BRDA:36,0,0,0
BRDA:60,1,0,0
BRDA:60,1,1,0
BRDA:81,2,0,0
BRDA:89,3,0,0
BRDA:89,4,0,0
BRDA:89,4,1,0
BRDA:92,5,0,0
BRDA:92,5,1,0
BRDA:94,6,0,0
BRDA:94,6,1,0
BRDA:96,7,0,0
BRDA:109,8,0,0
BRDA:132,9,0,0
BRDA:155,10,0,0
BRDA:178,11,0,0
BRDA:203,12,0,0
BRDA:203,12,1,0
BRDA:205,13,0,0
BRDA:205,14,0,0
BRDA:205,14,1,0
BRDA:225,15,0,0
BRDA:240,16,0,0
BRDA:263,17,0,0
BRDA:263,17,1,0
BRDA:282,18,0,0
BRDA:283,19,0,0
BRDA:283,19,1,0
BRDA:283,19,2,0
BRDA:283,19,3,0
BRDA:297,20,0,0
BRDA:297,20,1,0
BRDA:299,21,0,0
BRDA:299,21,1,0
BRDA:319,22,0,0
BRDA:319,23,0,0
BRDA:319,23,1,0
BRDA:319,23,2,0
BRDA:321,24,0,0
BRDA:347,25,0,0
BRDA:347,26,0,0
BRDA:347,26,1,0
BRDA:349,27,0,0
BRDA:349,28,0,0
BRDA:349,28,1,0
BRDA:377,29,0,0
BRDA:399,30,0,0
BRDA:399,30,1,0
BRDA:401,31,0,0
BRDA:401,31,1,0
BRDA:403,32,0,0
BRDA:403,32,1,0
BRDA:436,33,0,0
BRDA:443,34,0,0
BRDA:462,35,0,0
BRDA:468,36,0,0
BRDA:469,37,0,0
BRDA:469,37,1,0
BRDA:478,38,0,0
BRDA:482,39,0,0
BRDA:498,40,0,0
BRDA:498,40,1,0
BRDA:506,41,0,0
BRDA:506,41,1,0
BRDA:515,42,0,0
BRDA:522,43,0,0
BRDA:526,44,0,0
BRDA:529,45,0,0
BRDA:539,46,0,0
BRDA:539,46,1,0
BRDA:549,47,0,0
BRDA:566,48,0,0
BRDA:566,49,0,0
BRDA:566,49,1,0
BRDA:568,50,0,0
BRDA:572,51,0,0
BRDA:578,52,0,0
BRDA:580,53,0,0
BRDA:580,53,1,0
BRDA:581,54,0,0
BRDA:646,55,0,0
BRDA:646,55,1,0
BRDA:646,55,2,0
BRDA:651,56,0,0
BRDA:651,56,1,0
BRDA:688,57,0,0
BRDA:688,57,1,0
BRDA:701,58,0,0
BRDA:701,58,1,0
BRF:89
BRH:0
end_of_record
TN:
SF:src/compiler/design-compiler.ts
FN:45,(anonymous_0)
FN:49,(anonymous_1)
FN:91,(anonymous_2)
FN:100,(anonymous_3)
FN:128,(anonymous_4)
FN:162,(anonymous_5)
FN:191,(anonymous_6)
FN:244,(anonymous_7)
FN:247,(anonymous_8)
FN:249,(anonymous_9)
FN:250,(anonymous_10)
FN:255,(anonymous_11)
FN:272,(anonymous_12)
FN:282,(anonymous_13)
FN:295,(anonymous_14)
FN:306,(anonymous_15)
FN:310,(anonymous_16)
FN:320,(anonymous_17)
FN:327,(anonymous_18)
FN:345,(anonymous_19)
FN:354,(anonymous_20)
FN:362,(anonymous_21)
FN:364,(anonymous_22)
FN:365,(anonymous_23)
FN:368,(anonymous_24)
FN:370,(anonymous_25)
FN:371,(anonymous_26)
FN:382,(anonymous_27)
FN:391,(anonymous_28)
FN:401,(anonymous_29)
FN:410,(anonymous_30)
FN:418,(anonymous_31)
FN:428,(anonymous_32)
FN:438,(anonymous_33)
FN:447,(anonymous_34)
FN:456,(anonymous_35)
FNF:36
FNH:27
FNDA:5,(anonymous_0)
FNDA:5,(anonymous_1)
FNDA:25,(anonymous_2)
FNDA:30,(anonymous_3)
FNDA:5,(anonymous_4)
FNDA:0,(anonymous_5)
FNDA:5,(anonymous_6)
FNDA:10,(anonymous_7)
FNDA:10,(anonymous_8)
FNDA:10,(anonymous_9)
FNDA:20,(anonymous_10)
FNDA:5,(anonymous_11)
FNDA:15,(anonymous_12)
FNDA:0,(anonymous_13)
FNDA:0,(anonymous_14)
FNDA:0,(anonymous_15)
FNDA:25,(anonymous_16)
FNDA:20,(anonymous_17)
FNDA:15,(anonymous_18)
FNDA:50,(anonymous_19)
FNDA:0,(anonymous_20)
FNDA:25,(anonymous_21)
FNDA:0,(anonymous_22)
FNDA:0,(anonymous_23)
FNDA:25,(anonymous_24)
FNDA:0,(anonymous_25)
FNDA:0,(anonymous_26)
FNDA:20,(anonymous_27)
FNDA:60,(anonymous_28)
FNDA:20,(anonymous_29)
FNDA:5,(anonymous_30)
FNDA:10,(anonymous_31)
FNDA:15,(anonymous_32)
FNDA:15,(anonymous_33)
FNDA:15,(anonymous_34)
FNDA:5,(anonymous_35)
DA:40,1
DA:42,5
DA:43,5
DA:46,5
DA:50,5
DA:51,5
DA:53,5
DA:54,5
DA:55,5
DA:56,5
DA:57,5
DA:59,5
DA:60,5
DA:61,5
DA:68,5
DA:72,5
DA:73,5
DA:76,5
DA:92,25
DA:93,25
DA:94,30
DA:95,30
DA:97,25
DA:101,30
DA:103,5
DA:105,0
DA:107,5
DA:109,5
DA:111,15
DA:117,0
DA:120,0
DA:122,0
DA:124,0
DA:129,5
DA:130,5
DA:132,5
DA:163,0
DA:176,0
DA:178,0
DA:192,5
DA:193,5
DA:194,5
DA:196,5
DA:197,10
DA:199,10
DA:211,10
DA:212,10
DA:215,5
DA:228,5
DA:230,5
DA:245,10
DA:247,10
DA:250,20
DA:251,10
DA:256,5
DA:258,5
DA:273,15
DA:283,0
DA:296,0
DA:307,0
DA:311,25
DA:312,25
DA:313,25
DA:315,25
DA:320,20
DA:328,15
DA:329,15
DA:346,50
DA:347,50
DA:348,40
DA:349,40
DA:350,40
DA:351,0
DA:352,0
DA:354,0
DA:359,50
DA:363,25
DA:364,0
DA:365,0
DA:369,25
DA:370,0
DA:371,0
DA:383,20
DA:384,20
DA:385,20
DA:388,0
DA:392,60
DA:394,60
DA:395,15
DA:398,60
DA:402,20
DA:403,0
DA:404,0
DA:406,20
DA:407,20
DA:411,5
DA:412,0
DA:413,5
DA:414,0
DA:419,10
DA:425,10
DA:429,15
DA:435,15
DA:439,15
DA:444,15
DA:448,15
DA:453,15
DA:457,5
DA:458,5
DA:459,5
DA:460,5
DA:461,5
DA:462,5
DA:464,5
DA:465,5
DA:467,5
DA:468,5
DA:470,5
DA:471,5
DA:474,5
LF:120
LH:97
BRDA:60,0,0,5
BRDA:60,1,0,5
BRDA:60,1,1,0
BRDA:65,2,0,5
BRDA:65,2,1,0
BRDA:80,3,0,5
BRDA:80,3,1,0
BRDA:95,4,0,30
BRDA:101,5,0,5
BRDA:101,5,1,0
BRDA:101,5,2,5
BRDA:101,5,3,5
BRDA:101,5,4,15
BRDA:101,5,5,0
BRDA:101,5,6,0
BRDA:101,5,7,0
BRDA:101,5,8,0
BRDA:101,5,9,0
BRDA:101,5,10,0
BRDA:101,5,11,0
BRDA:101,5,12,0
BRDA:101,5,13,0
BRDA:129,6,0,5
BRDA:129,6,1,0
BRDA:141,7,0,5
BRDA:141,7,1,0
BRDA:142,8,0,5
BRDA:142,8,1,0
BRDA:143,9,0,5
BRDA:143,9,1,0
BRDA:144,10,0,5
BRDA:144,10,1,0
BRDA:145,11,0,5
BRDA:145,11,1,0
BRDA:149,12,0,5
BRDA:149,12,1,0
BRDA:150,13,0,5
BRDA:150,13,1,5
BRDA:152,14,0,5
BRDA:152,14,1,5
BRDA:155,15,0,5
BRDA:155,15,1,0
BRDA:192,16,0,5
BRDA:192,16,1,0
BRDA:197,17,0,0
BRDA:204,18,0,10
BRDA:204,18,1,0
BRDA:208,19,0,10
BRDA:208,19,1,0
BRDA:221,20,0,5
BRDA:221,20,1,0
BRDA:251,21,0,10
BRDA:251,21,1,0
BRDA:251,22,0,10
BRDA:251,22,1,0
BRDA:263,23,0,5
BRDA:263,23,1,0
BRDA:268,24,0,5
BRDA:268,24,1,0
BRDA:277,25,0,15
BRDA:277,25,1,0
BRDA:291,26,0,0
BRDA:291,26,1,0
BRDA:300,27,0,0
BRDA:300,27,1,0
BRDA:311,28,0,25
BRDA:311,28,1,5
BRDA:312,29,0,25
BRDA:312,29,1,20
BRDA:313,30,0,25
BRDA:313,30,1,20
BRDA:318,31,0,0
BRDA:318,31,1,25
BRDA:318,32,0,25
BRDA:318,32,1,0
BRDA:318,33,0,0
BRDA:318,33,1,0
BRDA:330,34,0,15
BRDA:330,34,1,0
BRDA:332,35,0,15
BRDA:332,35,1,0
BRDA:333,36,0,15
BRDA:333,36,1,0
BRDA:336,37,0,15
BRDA:336,37,1,15
BRDA:348,38,0,0
BRDA:349,39,0,40
BRDA:349,39,1,0
BRDA:349,40,0,40
BRDA:349,40,1,40
BRDA:350,41,0,40
BRDA:350,41,1,0
BRDA:351,42,0,0
BRDA:354,43,0,0
BRDA:354,43,1,0
BRDA:355,44,0,0
BRDA:355,44,1,0
BRDA:364,45,0,0
BRDA:364,45,1,0
BRDA:364,45,2,0
BRDA:365,46,0,0
BRDA:365,46,1,0
BRDA:375,47,0,0
BRDA:375,47,1,0
BRDA:376,48,0,0
BRDA:376,48,1,0
BRDA:377,49,0,0
BRDA:377,49,1,0
BRDA:378,50,0,0
BRDA:378,50,1,0
BRDA:384,51,0,20
BRDA:384,52,0,20
BRDA:384,52,1,20
BRDA:384,52,2,20
BRDA:394,53,0,15
BRDA:402,54,0,0
BRDA:406,55,0,20
BRDA:406,55,1,0
BRDA:411,56,0,0
BRDA:411,56,1,5
BRDA:411,56,2,0
BRDA:425,57,0,10
BRDA:425,57,1,0
BRDA:425,58,0,10
BRDA:425,58,1,0
BRDA:435,59,0,15
BRDA:435,59,1,0
BRDA:435,60,0,15
BRDA:435,60,1,0
BRDA:444,61,0,15
BRDA:444,61,1,0
BRDA:444,62,0,15
BRDA:444,62,1,0
BRDA:453,63,0,15
BRDA:453,63,1,10
BRDA:453,64,0,15
BRDA:453,64,1,10
BRDA:464,65,0,5
BRDA:464,65,1,0
BRDA:465,66,0,0
BRDA:468,67,0,0
BRDA:468,68,0,5
BRDA:468,68,1,5
BRF:143
BRH:67
end_of_record
TN:
SF:src/compiler/figma-client.ts
FN:177,(anonymous_1)
FN:186,(anonymous_2)
FN:211,(anonymous_3)
FN:237,(anonymous_4)
FN:253,(anonymous_5)
FN:266,(anonymous_6)
FN:279,(anonymous_7)
FNF:7
FNH:6
FNDA:9,(anonymous_1)
FNDA:6,(anonymous_2)
FNDA:1,(anonymous_3)
FNDA:6,(anonymous_4)
FNDA:1,(anonymous_5)
FNDA:0,(anonymous_6)
FNDA:3,(anonymous_7)
DA:5,2
DA:172,2
DA:178,9
DA:182,9
DA:183,9
DA:187,6
DA:189,6
DA:190,0
DA:191,0
DA:194,6
DA:195,6
DA:196,6
DA:197,6
DA:199,6
DA:200,0
DA:203,6
DA:205,0
DA:206,0
DA:207,0
DA:212,1
DA:214,1
DA:216,1
DA:217,0
DA:218,0
DA:221,1
DA:222,1
DA:223,1
DA:224,0
DA:226,0
DA:227,0
DA:230,0
DA:232,1
DA:233,1
DA:241,6
DA:242,6
DA:243,5
DA:248,1
DA:249,1
DA:254,1
DA:255,1
DA:257,1
DA:258,1
DA:259,0
DA:261,1
DA:262,1
DA:267,0
DA:269,0
DA:271,0
DA:280,3
DA:281,3
DA:283,0
LF:51
LH:34
BRDA:189,0,0,0
BRDA:195,1,0,5
BRDA:195,1,1,1
BRDA:199,2,0,0
BRDA:212,3,0,0
BRDA:216,4,0,0
BRDA:226,5,0,0
BRDA:253,6,0,1
BRDA:253,7,0,1
BRDA:267,8,0,0
BRDA:280,9,0,3
BRDA:281,10,0,3
BRDA:281,10,1,0
BRDA:283,11,0,0
BRDA:283,11,1,0
BRF:15
BRH:6
end_of_record
TN:
SF:src/oauth/figma-oauth.ts
FN:39,(anonymous_1)
FN:50,(anonymous_2)
FN:63,(anonymous_3)
FN:67,(anonymous_4)
FN:85,(anonymous_5)
FN:110,(anonymous_6)
FN:138,(anonymous_7)
FN:157,(anonymous_8)
FN:162,(anonymous_9)
FN:167,(anonymous_10)
FN:174,(anonymous_11)
FN:187,(anonymous_12)
FN:192,(anonymous_13)
FN:202,(anonymous_14)
FN:205,(anonymous_15)
FN:220,extractFigmaKey
FN:237,validateFigmaUrl
FNF:17
FNH:9
FNDA:5,(anonymous_1)
FNDA:2,(anonymous_2)
FNDA:0,(anonymous_3)
FNDA:0,(anonymous_4)
FNDA:0,(anonymous_5)
FNDA:0,(anonymous_6)
FNDA:0,(anonymous_7)
FNDA:0,(anonymous_8)
FNDA:3,(anonymous_9)
FNDA:3,(anonymous_10)
FNDA:5,(anonymous_11)
FNDA:5,(anonymous_12)
FNDA:3,(anonymous_13)
FNDA:12,(anonymous_14)
FNDA:2,(anonymous_15)
FNDA:0,extractFigmaKey
FNDA:0,validateFigmaUrl
DA:6,1
DA:7,1
DA:22,1
DA:23,1
DA:25,1
DA:43,5
DA:44,5
DA:45,5
DA:46,5
DA:47,5
DA:51,2
DA:53,1
DA:54,1
DA:56,1
DA:57,0
DA:60,1
DA:64,0
DA:68,0
DA:69,0
DA:73,0
DA:82,0
DA:86,0
DA:98,0
DA:105,0
DA:106,0
DA:107,0
DA:111,0
DA:112,0
DA:115,0
DA:126,0
DA:133,0
DA:134,0
DA:135,0
DA:139,0
DA:141,0
DA:142,0
DA:143,0
DA:144,0
DA:146,0
DA:150,0
DA:154,0
DA:158,0
DA:159,0
DA:163,3
DA:164,3
DA:168,3
DA:169,3
DA:170,3
DA:175,5
DA:177,5
DA:178,5
DA:179,5
DA:180,2
DA:183,1
DA:188,5
DA:189,5
DA:193,3
DA:194,3
DA:195,3
DA:196,3
DA:198,3
DA:199,3
DA:200,3
DA:202,12
DA:206,2
DA:207,2
DA:208,2
DA:209,2
DA:210,2
DA:211,2
DA:213,2
DA:214,2
DA:215,2
DA:216,1
DA:220,1
DA:222,0
DA:229,0
DA:230,0
DA:231,0
DA:234,0
DA:237,1
DA:238,0
DA:239,0
DA:240,0
DA:242,0
LF:85
LH:48
BRDA:51,0,0,1
BRDA:56,1,0,0
BRDA:56,2,0,1
BRDA:56,2,1,0
BRDA:79,3,0,0
BRDA:79,3,1,0
BRDA:111,4,0,0
BRDA:128,5,0,0
BRDA:128,5,1,0
BRDA:141,6,0,0
BRDA:168,7,0,3
BRDA:175,8,0,0
BRDA:179,9,0,2
BRDA:188,10,0,5
BRDA:188,10,1,0
BRDA:231,11,0,0
BRDA:240,12,0,0
BRDA:240,12,1,0
BRF:18
BRH:5
end_of_record
TN:
SF:src/types/project.graph.ts
FN:202,(anonymous_0)
FNF:1
FNH:0
FNDA:0,(anonymous_0)
DA:202,0
DA:203,0
DA:204,0
DA:205,0
LF:4
LH:0
BRDA:202,0,0,0
BRDA:202,0,1,0
BRF:2
BRH:0
end_of_record
TN:
SF:src/types/results.ts
FN:27,(anonymous_0)
FN:62,ok
FN:66,err
FN:70,okAsync
FN:79,createError
FN:88,(anonymous_5)
FNF:6
FNH:0
FNDA:0,(anonymous_0)
FNDA:0,ok
FNDA:0,err
FNDA:0,okAsync
FNDA:0,createError
FNDA:0,(anonymous_5)
DA:27,0
DA:29,0
DA:30,0
DA:31,0
DA:32,0
DA:35,0
DA:36,0
DA:37,0
DA:38,0
DA:41,0
DA:42,0
DA:45,0
DA:46,0
DA:49,0
DA:50,0
DA:53,0
DA:54,0
DA:55,0
DA:58,0
DA:59,0
DA:62,0
DA:63,0
DA:66,0
DA:67,0
DA:70,0
DA:71,0
DA:72,0
DA:73,0
DA:75,0
DA:79,0
DA:84,0
DA:87,0
DA:89,0
DA:91,0
DA:93,0
DA:94,0
LF:36
LH:0
BRDA:27,0,0,0
BRDA:27,0,1,0
BRF:2
BRH:0
end_of_record
TN:
SF:src/utils/cache.ts
FN:18,(anonymous_9)
FN:24,(anonymous_10)
FN:36,(anonymous_11)
FN:54,(anonymous_12)
FN:58,(anonymous_13)
FN:70,(anonymous_14)
FN:84,(anonymous_15)
FN:104,(anonymous_16)
FN:118,(anonymous_17)
FNF:9
FNH:0
FNDA:0,(anonymous_9)
FNDA:0,(anonymous_10)
FNDA:0,(anonymous_11)
FNDA:0,(anonymous_12)
FNDA:0,(anonymous_13)
FNDA:0,(anonymous_14)
FNDA:0,(anonymous_15)
FNDA:0,(anonymous_16)
FNDA:0,(anonymous_17)
DA:5,0
DA:6,0
DA:13,0
DA:19,0
DA:20,0
DA:21,0
DA:25,0
DA:26,0
DA:28,0
DA:29,0
DA:30,0
DA:33,0
DA:37,0
DA:41,0
DA:43,0
DA:44,0
DA:45,0
DA:46,0
DA:47,0
DA:55,0
DA:59,0
DA:60,0
DA:61,0
DA:62,0
DA:63,0
DA:71,0
DA:72,0
DA:73,0
DA:74,0
DA:75,0
DA:76,0
DA:85,0
DA:87,0
DA:88,0
DA:89,0
DA:90,0
DA:91,0
DA:92,0
DA:93,0
DA:95,0
DA:96,0
DA:105,0
DA:107,0
DA:108,0
DA:109,0
DA:110,0
DA:111,0
DA:119,0
LF:48
LH:0
BRDA:18,0,0,0
BRDA:26,1,0,0
BRDA:28,2,0,0
BRDA:43,3,0,0
BRDA:60,4,0,0
BRDA:72,5,0,0
BRDA:85,6,0,0
BRDA:85,7,0,0
BRDA:85,7,1,0
BRDA:90,8,0,0
BRDA:95,9,0,0
BRDA:105,10,0,0
BRF:12
BRH:0
end_of_record
TN:
SF:src/utils/graph-serialization.ts
FN:12,mapToObject
FN:16,objectToMap
FN:20,serializeDesignGraph
FN:25,(anonymous_3)
FN:46,deserializeDesignGraph
FN:52,(anonymous_5)
FN:72,serializeProjectGraph
FN:87,deserializeProjectGraph
FNF:8
FNH:8
FNDA:26,mapToObject
FNDA:15,objectToMap
FNDA:2,serializeDesignGraph
FNDA:2,(anonymous_3)
FNDA:1,deserializeDesignGraph
FNDA:1,(anonymous_5)
FNDA:1,serializeProjectGraph
FNDA:1,deserializeProjectGraph
DA:13,26
DA:17,15
DA:20,1
DA:21,2
DA:25,2
DA:46,1
DA:47,1
DA:49,1
DA:52,1
DA:72,1
DA:73,1
DA:87,1
DA:88,1
LF:13
LH:13
BRDA:17,0,0,15
BRDA:17,0,1,0
BRDA:47,1,0,1
BRDA:47,1,1,0
BRF:4
BRH:2
end_of_record
TN:
SF:src/utils/logger.ts
FN:7,(anonymous_0)
FN:26,(anonymous_1)
FN:32,(anonymous_2)
FN:36,(anonymous_3)
FN:40,(anonymous_4)
FN:44,(anonymous_5)
FN:48,(anonymous_6)
FN:61,createLogger
FNF:8
FNH:4
FNDA:2,(anonymous_0)
FNDA:9,(anonymous_1)
FNDA:0,(anonymous_2)
FNDA:0,(anonymous_3)
FNDA:0,(anonymous_4)
FNDA:3,(anonymous_5)
FNDA:3,(anonymous_6)
FNDA:0,createLogger
DA:7,2
DA:8,2
DA:9,2
DA:10,2
DA:11,2
DA:14,2
DA:21,2
DA:27,9
DA:28,9
DA:29,9
DA:33,0
DA:37,0
DA:41,0
DA:45,3
DA:49,3
DA:50,3
DA:51,3
DA:52,3
DA:54,3
DA:55,0
DA:56,0
DA:61,2
DA:62,0
LF:23
LH:17
BRDA:7,0,0,2
BRDA:7,0,1,2
BRDA:26,1,0,9
BRDA:27,2,0,9
BRDA:27,2,1,0
BRDA:33,3,0,0
BRDA:37,4,0,0
BRDA:41,5,0,0
BRDA:45,6,0,3
BRDA:54,7,0,0
BRDA:55,8,0,0
BRDA:55,8,1,0
BRDA:55,9,0,0
BRDA:55,9,1,0
BRDA:55,10,0,0
BRDA:55,10,1,0
BRDA:62,11,0,0
BRDA:62,11,1,0
BRF:18
BRH:5
end_of_record
